#
# There is insufficient memory for the Java Runtime Environment to continue.
# Native memory allocation (mmap) failed to map 65536 bytes for Failed to commit metaspace.
# Possible reasons:
#   The system is out of physical RAM or swap space
#   The process is running with CompressedOops enabled, and the Java Heap may be blocking the growth of the native heap
# Possible solutions:
#   Reduce memory load on the system
#   Increase physical memory or swap space
#   Check if swap backing store is full
#   Decrease Java heap size (-Xmx/-Xms)
#   Decrease number of Java threads
#   Decrease Java thread stack sizes (-Xss)
#   Set larger code cache with -XX:ReservedCodeCacheSize=
#   JVM is running with Unscaled Compressed Oops mode in which the Java heap is
#     placed in the first 4GB address space. The Java Heap base address is the
#     maximum limit for the native heap growth. Please use -XX:HeapBaseMinAddress
#     to set the Java Heap base and to place the Java Heap above 4GB virtual address.
# This output file may be truncated or incomplete.
#
#  Out of Memory Error (virtualSpaceNode.cpp:110), pid=16560, tid=12504
#
# JRE version: OpenJDK Runtime Environment Temurin-17.0.2+8 (17.0.2+8) (build 17.0.2+8)
# Java VM: OpenJDK 64-Bit Server VM Temurin-17.0.2+8 (17.0.2+8, mixed mode, tiered, compressed oops, compressed class ptrs, parallel gc, windows-amd64)
# No core dump will be written. Minidumps are not enabled by default on client versions of Windows
#

---------------  S U M M A R Y ------------

Command Line: --add-modules=ALL-SYSTEM --add-opens=java.base/java.util=ALL-UNNAMED --add-opens=java.base/java.lang=ALL-UNNAMED --add-opens=java.base/sun.nio.fs=ALL-UNNAMED -Declipse.application=org.eclipse.jdt.ls.core.id1 -Dosgi.bundles.defaultStartLevel=4 -Declipse.product=org.eclipse.jdt.ls.core.product -Djava.import.generatesMetadataFilesAtProjectRoot=false -Dfile.encoding=utf8 -DwatchParentProcess=false -XX:+UseParallelGC -XX:GCTimeRatio=4 -XX:AdaptiveSizePolicyWeight=90 -Dsun.zip.disableMemoryMapping=true -Xmx1G -Xms100m c:\Users\Usuario\.vscode\extensions\redhat.java-1.6.0-win32-x64\server\plugins\org.eclipse.equinox.launcher_1.6.400.v20210924-0641.jar -configuration c:\Users\Usuario\AppData\Roaming\Code\User\globalStorage\redhat.java\1.6.0\config_ss_win -data c:\Users\Usuario\AppData\Roaming\Code\User\workspaceStorage\9b3c5aec89280ab4abbc73789ce95843\redhat.java\ss_ws

Host: Intel(R) Core(TM) i3-6100U CPU @ 2.30GHz, 4 cores, 7G,  Windows 10 , 64 bit Build 19041 (10.0.19041.1706)
Time: Mon Jun 13 12:59:15 2022 Hora est. Pacífico, Sudamérica elapsed time: 8.406129 seconds (0d 0h 0m 8s)

---------------  T H R E A D  ---------------

Current thread (0x000002737c5cf040):  JavaThread "main" [_thread_in_vm, id=12504, stack(0x000000ed43a00000,0x000000ed43b00000)]

Stack: [0x000000ed43a00000,0x000000ed43b00000]
Native frames: (J=compiled Java code, j=interpreted, Vv=VM code, C=native code)
V  [jvm.dll+0x67564a]
V  [jvm.dll+0x82fc04]
V  [jvm.dll+0x8313ae]
V  [jvm.dll+0x831a13]
V  [jvm.dll+0x245235]
V  [jvm.dll+0x82bbab]
V  [jvm.dll+0x61a336]
V  [jvm.dll+0x61a39a]
V  [jvm.dll+0x61cbba]
V  [jvm.dll+0x61acd6]
V  [jvm.dll+0x624a37]
V  [jvm.dll+0x1e9eab]
V  [jvm.dll+0x1ea3e5]
V  [jvm.dll+0x1eae1f]
V  [jvm.dll+0x1e02c1]
V  [jvm.dll+0x53b6e0]
V  [jvm.dll+0x1f0ab7]
V  [jvm.dll+0x7aa1bb]
V  [jvm.dll+0x7ab562]
V  [jvm.dll+0x7abcf9]
V  [jvm.dll+0x1eb0d4]
V  [jvm.dll+0x1e02da]
V  [jvm.dll+0x53b6e0]
V  [jvm.dll+0x1f0ab7]
V  [jvm.dll+0x7aa1bb]
V  [jvm.dll+0x7ab562]
V  [jvm.dll+0x7abcf9]
V  [jvm.dll+0x1eb0d4]
V  [jvm.dll+0x1e02da]
V  [jvm.dll+0x53b6e0]
V  [jvm.dll+0x1f0ab7]
V  [jvm.dll+0x7aa1bb]
V  [jvm.dll+0x7ab562]
V  [jvm.dll+0x7ab898]
V  [jvm.dll+0x23d51e]
V  [jvm.dll+0x37e8ce]
C  0x000002730001af44

Java frames: (J=compiled Java code, j=interpreted, Vv=VM code)
j  java.util.concurrent.Executors.newScheduledThreadPool(ILjava/util/concurrent/ThreadFactory;)Ljava/util/concurrent/ScheduledExecutorService;+0 java.base@17.0.2
j  org.eclipse.osgi.internal.framework.EquinoxContainer.init()V+33
j  org.eclipse.osgi.internal.framework.EquinoxBundle$SystemBundle$EquinoxSystemModule.initWorker()V+46
j  org.eclipse.osgi.container.SystemModule.init()V+333
j  org.eclipse.osgi.internal.framework.EquinoxBundle$SystemBundle.init([Lorg/osgi/framework/FrameworkListener;)V+84
j  org.eclipse.osgi.internal.framework.EquinoxBundle$SystemBundle.init()V+2
j  org.eclipse.osgi.launch.Equinox.init()V+4
j  org.eclipse.core.runtime.adaptor.EclipseStarter.startup([Ljava/lang/String;Ljava/lang/Runnable;)Lorg/osgi/framework/BundleContext;+37
j  org.eclipse.core.runtime.adaptor.EclipseStarter.run([Ljava/lang/String;Ljava/lang/Runnable;)Ljava/lang/Object;+21
v  ~StubRoutines::call_stub
j  jdk.internal.reflect.NativeMethodAccessorImpl.invoke0(Ljava/lang/reflect/Method;Ljava/lang/Object;[Ljava/lang/Object;)Ljava/lang/Object;+0 java.base@17.0.2
j  jdk.internal.reflect.NativeMethodAccessorImpl.invoke(Ljava/lang/Object;[Ljava/lang/Object;)Ljava/lang/Object;+133 java.base@17.0.2
j  jdk.internal.reflect.DelegatingMethodAccessorImpl.invoke(Ljava/lang/Object;[Ljava/lang/Object;)Ljava/lang/Object;+6 java.base@17.0.2
j  java.lang.reflect.Method.invoke(Ljava/lang/Object;[Ljava/lang/Object;)Ljava/lang/Object;+59 java.base@17.0.2
j  org.eclipse.equinox.launcher.Main.invokeFramework([Ljava/lang/String;[Ljava/net/URL;)V+201
j  org.eclipse.equinox.launcher.Main.basicRun([Ljava/lang/String;)V+159
j  org.eclipse.equinox.launcher.Main.run([Ljava/lang/String;)I+4
j  org.eclipse.equinox.launcher.Main.main([Ljava/lang/String;)V+10
v  ~StubRoutines::call_stub

---------------  P R O C E S S  ---------------

Threads class SMR info:
_java_thread_list=0x0000027312a7f960, length=12, elements={
0x000002737c5cf040, 0x000002737f3e1b60, 0x000002737f3e29d0, 0x000002737f41a130,
0x000002737f41aeb0, 0x000002737f41cd30, 0x000002737f420860, 0x000002737f4215f0,
0x000002737f4240a0, 0x0000027312948030, 0x00000273129a6030, 0x0000027312ae1e70
}

Java Threads: ( => current thread )
=>0x000002737c5cf040 JavaThread "main" [_thread_in_vm, id=12504, stack(0x000000ed43a00000,0x000000ed43b00000)]
  0x000002737f3e1b60 JavaThread "Reference Handler" daemon [_thread_blocked, id=13852, stack(0x000000ed43d00000,0x000000ed43e00000)]
  0x000002737f3e29d0 JavaThread "Finalizer" daemon [_thread_blocked, id=10188, stack(0x000000ed43e00000,0x000000ed43f00000)]
  0x000002737f41a130 JavaThread "Signal Dispatcher" daemon [_thread_blocked, id=5344, stack(0x000000ed43f00000,0x000000ed44000000)]
  0x000002737f41aeb0 JavaThread "Attach Listener" daemon [_thread_blocked, id=16208, stack(0x000000ed44000000,0x000000ed44100000)]
  0x000002737f41cd30 JavaThread "Service Thread" daemon [_thread_blocked, id=11992, stack(0x000000ed44100000,0x000000ed44200000)]
  0x000002737f420860 JavaThread "Monitor Deflation Thread" daemon [_thread_blocked, id=15304, stack(0x000000ed44200000,0x000000ed44300000)]
  0x000002737f4215f0 JavaThread "C2 CompilerThread0" daemon [_thread_blocked, id=15144, stack(0x000000ed44300000,0x000000ed44400000)]
  0x000002737f4240a0 JavaThread "C1 CompilerThread0" daemon [_thread_blocked, id=16600, stack(0x000000ed44400000,0x000000ed44500000)]
  0x0000027312948030 JavaThread "Sweeper thread" daemon [_thread_blocked, id=11044, stack(0x000000ed44500000,0x000000ed44600000)]
  0x00000273129a6030 JavaThread "Common-Cleaner" daemon [_thread_blocked, id=2516, stack(0x000000ed44600000,0x000000ed44700000)]
  0x0000027312ae1e70 JavaThread "Notification Thread" daemon [_thread_blocked, id=2124, stack(0x000000ed44700000,0x000000ed44800000)]

Other Threads:
  0x000002737f3c83d0 VMThread "VM Thread" [stack: 0x000000ed43c00000,0x000000ed43d00000] [id=13604]
  0x0000027312ae2340 WatcherThread [stack: 0x000000ed44800000,0x000000ed44900000] [id=2648]
  0x000002737c5e4ef0 GCTaskThread "GC Thread#0" [stack: 0x000000ed43b00000,0x000000ed43c00000] [id=6152]

Threads with active compile tasks:

VM state: not at safepoint (normal execution)

VM Mutex/Monitor currently owned by a thread:  ([mutex/lock_event])
[0x000002737c5c7cd0] Metaspace_lock - owner thread: 0x000002737c5cf040

Heap address: 0x00000000c0000000, size: 1024 MB, Compressed Oops mode: 32-bit

CDS archive(s) not mapped
Compressed class space mapped at: 0x0000000100000000-0x0000000140000000, reserved size: 1073741824
Narrow klass base: 0x0000000000000000, Narrow klass shift: 3, Narrow klass range: 0x140000000

GC Precious Log:
 CPUs: 4 total, 4 available
 Memory: 8072M
 Large Page Support: Disabled
 NUMA Support: Disabled
 Compressed Oops: Enabled (32-bit)
 Alignments: Space 512K, Generation 512K, Heap 2M
 Heap Min Capacity: 100M
 Heap Initial Capacity: 100M
 Heap Max Capacity: 1G
 Pre-touch: Disabled
 Parallel Workers: 4

Heap:
 PSYoungGen      total 29696K, used 19600K [0x00000000eab00000, 0x00000000ecc00000, 0x0000000100000000)
  eden space 25600K, 76% used [0x00000000eab00000,0x00000000ebe242e0,0x00000000ec400000)
  from space 4096K, 0% used [0x00000000ec800000,0x00000000ec800000,0x00000000ecc00000)
  to   space 4096K, 0% used [0x00000000ec400000,0x00000000ec400000,0x00000000ec800000)
 ParOldGen       total 68608K, used 0K [0x00000000c0000000, 0x00000000c4300000, 0x00000000eab00000)
  object space 68608K, 0% used [0x00000000c0000000,0x00000000c0000000,0x00000000c4300000)
 Metaspace       used 11688K, committed 11776K, reserved 1064960K
  class space    used 1161K, committed 1216K, reserved 1048576K

Card table byte_map: [0x000002737bf90000,0x000002737c1a0000] _byte_map_base: 0x000002737b990000

Marking Bits: (ParMarkBitMap*) 0x00007ffc9ed53af0
 Begin Bits: [0x000002730f000000, 0x0000027310000000)
 End Bits:   [0x0000027310000000, 0x0000027311000000)

Polling page: 0x000002737a540000

Metaspace:

Usage:
  Non-class:     10.28 MB used.
      Class:      1.13 MB used.
       Both:     11.41 MB used.

Virtual space:
  Non-class space:       16.00 MB reserved,      10.31 MB ( 64%) committed,  2 nodes.
      Class space:        1.00 GB reserved,       1.19 MB ( <1%) committed,  1 nodes.
             Both:        1.02 GB reserved,      11.50 MB (  1%) committed. 

Chunk freelists:
   Non-Class:  1.56 MB
       Class:  2.82 MB
        Both:  4.39 MB

MaxMetaspaceSize: unlimited
CompressedClassSpaceSize: 1.00 GB
Initial GC threshold: 21.00 MB
Current GC threshold: 21.00 MB
CDS: off
MetaspaceReclaimPolicy: balanced
 - commit_granule_bytes: 65536.
 - commit_granule_words: 8192.
 - virtual_space_node_default_size: 1048576.
 - enlarge_chunks_in_place: 1.
 - new_chunks_are_fully_committed: 0.
 - uncommit_free_chunks: 1.
 - use_allocation_guard: 0.
 - handle_deallocations: 1.


Internal statistics:

num_allocs_failed_limit: 0.
num_arena_births: 46.
num_arena_deaths: 0.
num_vsnodes_births: 3.
num_vsnodes_deaths: 0.
num_space_committed: 184.
num_space_uncommitted: 0.
num_chunks_returned_to_freelist: 0.
num_chunks_taken_from_freelist: 142.
num_chunk_merges: 0.
num_chunk_splits: 92.
num_chunks_enlarged: 74.
num_purges: 0.
num_inconsistent_stats: 0.

CodeHeap 'non-profiled nmethods': size=120000Kb used=339Kb max_used=339Kb free=119660Kb
 bounds [0x0000027307ad0000, 0x0000027307d40000, 0x000002730f000000]
CodeHeap 'profiled nmethods': size=120000Kb used=1785Kb max_used=1785Kb free=118214Kb
 bounds [0x00000273005a0000, 0x0000027300810000, 0x0000027307ad0000]
CodeHeap 'non-nmethods': size=5760Kb used=1136Kb max_used=1164Kb free=4623Kb
 bounds [0x0000027300000000, 0x0000027300270000, 0x00000273005a0000]
 total_blobs=1455 nmethods=1028 adapters=342
 compilation: enabled
              stopped_count=0, restarted_count=0
 full_count=0

Compilation events (20 events):
Event: 7.789 Thread 0x000002737f4240a0 1018       3       java.util.jar.JarVerifier::beginEntry (242 bytes)
Event: 7.793 Thread 0x000002737f4240a0 nmethod 1018 0x0000027300755990 code [0x0000027300755e00, 0x0000027300757a68]
Event: 7.793 Thread 0x000002737f4240a0 1019       3       java.util.zip.ZipEntry::isDirectory (11 bytes)
Event: 7.794 Thread 0x000002737f4240a0 nmethod 1019 0x0000027300758490 code [0x0000027300758660, 0x0000027300758a08]
Event: 7.794 Thread 0x000002737f4240a0 1020       3       java.security.AccessController::checkContext (49 bytes)
Event: 7.795 Thread 0x000002737f4240a0 nmethod 1020 0x0000027300758b90 code [0x0000027300758da0, 0x00000273007593f8]
Event: 7.795 Thread 0x000002737f4240a0 1021       3       sun.net.www.protocol.jar.Handler::checkNestedProtocol (18 bytes)
Event: 7.796 Thread 0x000002737f4240a0 nmethod 1021 0x0000027300759610 code [0x00000273007597c0, 0x00000273007599a8]
Event: 8.119 Thread 0x000002737f4240a0 1023       3       sun.net.www.ParseUtil::encodePath (41 bytes)
Event: 8.119 Thread 0x000002737f4240a0 nmethod 1023 0x0000027300759a90 code [0x0000027300759c60, 0x0000027300759ec8]
Event: 8.121 Thread 0x000002737f4240a0 1024  s    3       java.util.Hashtable::remove (133 bytes)
Event: 8.122 Thread 0x000002737f4240a0 nmethod 1024 0x0000027300759f90 code [0x000002730075a180, 0x000002730075a8b8]
Event: 8.125 Thread 0x000002737f4240a0 1026   !   3       java.util.zip.ZipFile::getInputStream (276 bytes)
Event: 8.127 Thread 0x000002737f4240a0 nmethod 1026 0x000002730075ab10 code [0x000002730075ae00, 0x000002730075bf88]
Event: 8.127 Thread 0x000002737f4240a0 1029       3       java.util.Base64$Decoder::decodeBlock (186 bytes)
Event: 8.127 Thread 0x000002737f4240a0 nmethod 1029 0x000002730075ca90 code [0x000002730075cc60, 0x000002730075d0f8]
Event: 8.127 Thread 0x000002737f4240a0 1027       3       sun.security.util.ManifestEntryVerifier::<init> (65 bytes)
Event: 8.128 Thread 0x000002737f4240a0 nmethod 1027 0x000002730075d390 code [0x000002730075d5c0, 0x000002730075dce8]
Event: 8.128 Thread 0x000002737f4240a0 1028       3       java.security.MessageDigest::reset (10 bytes)
Event: 8.128 Thread 0x000002737f4240a0 nmethod 1028 0x000002730075df90 code [0x000002730075e140, 0x000002730075e408]

GC Heap History (0 events):
No events

Deoptimization events (20 events):
Event: 5.140 Thread 0x000002737c5cf040 DEOPT PACKING pc=0x0000027300651380 sp=0x000000ed43afd600
Event: 5.141 Thread 0x000002737c5cf040 DEOPT UNPACKING pc=0x0000027300052843 sp=0x000000ed43afca70 mode 0
Event: 5.141 Thread 0x000002737c5cf040 DEOPT PACKING pc=0x0000027300651380 sp=0x000000ed43afd600
Event: 5.141 Thread 0x000002737c5cf040 DEOPT UNPACKING pc=0x0000027300052843 sp=0x000000ed43afca70 mode 0
Event: 5.142 Thread 0x000002737c5cf040 DEOPT PACKING pc=0x0000027300651380 sp=0x000000ed43afd600
Event: 5.142 Thread 0x000002737c5cf040 DEOPT UNPACKING pc=0x0000027300052843 sp=0x000000ed43afca70 mode 0
Event: 5.142 Thread 0x000002737c5cf040 DEOPT PACKING pc=0x0000027300651380 sp=0x000000ed43afd600
Event: 5.142 Thread 0x000002737c5cf040 DEOPT UNPACKING pc=0x0000027300052843 sp=0x000000ed43afca70 mode 0
Event: 5.142 Thread 0x000002737c5cf040 DEOPT PACKING pc=0x0000027300651380 sp=0x000000ed43afd600
Event: 5.142 Thread 0x000002737c5cf040 DEOPT UNPACKING pc=0x0000027300052843 sp=0x000000ed43afca70 mode 0
Event: 5.143 Thread 0x000002737c5cf040 DEOPT PACKING pc=0x0000027300651380 sp=0x000000ed43afd600
Event: 5.143 Thread 0x000002737c5cf040 DEOPT UNPACKING pc=0x0000027300052843 sp=0x000000ed43afca70 mode 0
Event: 5.640 Thread 0x000002737c5cf040 Uncommon trap: trap_request=0xffffff45 fr.pc=0x0000027307af4fc0 relative=0x00000000000009c0
Event: 5.640 Thread 0x000002737c5cf040 Uncommon trap: reason=unstable_if action=reinterpret pc=0x0000027307af4fc0 method=java.util.HashMap.hash(Ljava/lang/Object;)I @ 1 c2
Event: 5.640 Thread 0x000002737c5cf040 DEOPT PACKING pc=0x0000027307af4fc0 sp=0x000000ed43afe070
Event: 5.640 Thread 0x000002737c5cf040 DEOPT UNPACKING pc=0x00000273000520a3 sp=0x000000ed43afdfe0 mode 2
Event: 5.640 Thread 0x000002737c5cf040 Uncommon trap: trap_request=0xffffff45 fr.pc=0x0000027307b016e4 relative=0x0000000000000244
Event: 5.640 Thread 0x000002737c5cf040 Uncommon trap: reason=unstable_if action=reinterpret pc=0x0000027307b016e4 method=java.util.HashMap.hash(Ljava/lang/Object;)I @ 1 c2
Event: 5.640 Thread 0x000002737c5cf040 DEOPT PACKING pc=0x0000027307b016e4 sp=0x000000ed43afdf60
Event: 5.640 Thread 0x000002737c5cf040 DEOPT UNPACKING pc=0x00000273000520a3 sp=0x000000ed43afde58 mode 2

Classes unloaded (0 events):
No events

Classes redefined (0 events):
No events

Internal exceptions (20 events):
Event: 4.042 Thread 0x000002737c5cf040 Exception <a 'java/io/FileNotFoundException'{0x00000000eaf87980}> (0x00000000eaf87980) 
thrown [e:\jenkins\tmp\workspace\build\src\src\hotspot\share\prims\jni.cpp, line 516]
Event: 4.042 Thread 0x000002737c5cf040 Exception <a 'java/io/FileNotFoundException'{0x00000000eaf886c8}> (0x00000000eaf886c8) 
thrown [e:\jenkins\tmp\workspace\build\src\src\hotspot\share\prims\jni.cpp, line 516]
Event: 4.043 Thread 0x000002737c5cf040 Exception <a 'java/io/FileNotFoundException'{0x00000000eaf893f0}> (0x00000000eaf893f0) 
thrown [e:\jenkins\tmp\workspace\build\src\src\hotspot\share\prims\jni.cpp, line 516]
Event: 4.043 Thread 0x000002737c5cf040 Exception <a 'java/io/FileNotFoundException'{0x00000000eaf8a0e8}> (0x00000000eaf8a0e8) 
thrown [e:\jenkins\tmp\workspace\build\src\src\hotspot\share\prims\jni.cpp, line 516]
Event: 4.086 Thread 0x000002737c5cf040 Exception <a 'java/io/FileNotFoundException'{0x00000000eafab6c0}> (0x00000000eafab6c0) 
thrown [e:\jenkins\tmp\workspace\build\src\src\hotspot\share\prims\jni.cpp, line 516]
Event: 5.477 Thread 0x000002737c5cf040 Exception <a 'java/lang/ClassNotFoundException'{0x00000000eb637eb8}: sun/net/www/protocol/c/Handler> (0x00000000eb637eb8) 
thrown [e:\jenkins\tmp\workspace\build\src\src\hotspot\share\classfile\systemDictionary.cpp, line 256]
Event: 5.477 Thread 0x000002737c5cf040 Exception <a 'java/lang/ClassNotFoundException'{0x00000000eb639250}: sun/net/www/protocol/c/Handler> (0x00000000eb639250) 
thrown [e:\jenkins\tmp\workspace\build\src\src\hotspot\share\classfile\systemDictionary.cpp, line 256]
Event: 5.480 Thread 0x000002737c5cf040 Exception <a 'java/lang/ClassNotFoundException'{0x00000000eb63a468}: sun/net/www/protocol/c/Handler> (0x00000000eb63a468) 
thrown [e:\jenkins\tmp\workspace\build\src\src\hotspot\share\classfile\systemDictionary.cpp, line 256]
Event: 5.497 Thread 0x000002737c5cf040 Exception <a 'java/io/FileNotFoundException'{0x00000000eb6540b8}> (0x00000000eb6540b8) 
thrown [e:\jenkins\tmp\workspace\build\src\src\hotspot\share\prims\jni.cpp, line 516]
Event: 5.640 Thread 0x000002737c5cf040 Implicit null exception at 0x0000027307af4640 to 0x0000027307af4fa8
Event: 5.640 Thread 0x000002737c5cf040 Implicit null exception at 0x0000027307b014ec to 0x0000027307b016cc
Event: 5.834 Thread 0x000002737c5cf040 Exception <a 'java/lang/NoSuchMethodError'{0x00000000eb82f0f8}: 'int java.lang.invoke.DirectMethodHandle$Holder.invokeStaticInit(java.lang.Object, java.lang.Object, java.lang.Object, java.lang.Object)'> (0x00000000eb82f0f8) 
thrown [e:\jenkins\tmp\workspace\build\src\src\hotspot\share\interpreter\linkResolver.cpp, line 766]
Event: 5.837 Thread 0x000002737c5cf040 Exception <a 'java/lang/NoSuchMethodError'{0x00000000eb839768}: 'java.lang.Object java.lang.invoke.DirectMethodHandle$Holder.invokeInterface(java.lang.Object, java.lang.Object)'> (0x00000000eb839768) 
thrown [e:\jenkins\tmp\workspace\build\src\src\hotspot\share\interpreter\linkResolver.cpp, line 766]
Event: 5.838 Thread 0x000002737c5cf040 Exception <a 'java/lang/IncompatibleClassChangeError'{0x00000000eb83cf60}: Found class java.lang.Object, but interface was expected> (0x00000000eb83cf60) 
thrown [e:\jenkins\tmp\workspace\build\src\src\hotspot\share\interpreter\linkResolver.cpp, line 833]
Event: 5.839 Thread 0x000002737c5cf040 Exception <a 'java/lang/NoSuchMethodError'{0x00000000eb83fe80}: 'void java.lang.invoke.DirectMethodHandle$Holder.invokeStatic(java.lang.Object, java.lang.Object)'> (0x00000000eb83fe80) 
thrown [e:\jenkins\tmp\workspace\build\src\src\hotspot\share\interpreter\linkResolver.cpp, line 766]
Event: 5.840 Thread 0x000002737c5cf040 Exception <a 'java/lang/NoSuchMethodError'{0x00000000eb843680}: 'void java.lang.invoke.DirectMethodHandle$Holder.invokeStaticInit(java.lang.Object, java.lang.Object)'> (0x00000000eb843680) 
thrown [e:\jenkins\tmp\workspace\build\src\src\hotspot\share\interpreter\linkResolver.cpp, line 766]
Event: 5.841 Thread 0x000002737c5cf040 Exception <a 'java/lang/NoSuchMethodError'{0x00000000eb849220}: 'int java.lang.invoke.DirectMethodHandle$Holder.invokeStaticInit(java.lang.Object, java.lang.Object)'> (0x00000000eb849220) 
thrown [e:\jenkins\tmp\workspace\build\src\src\hotspot\share\interpreter\linkResolver.cpp, line 766]
Event: 5.989 Thread 0x000002737c5cf040 Exception <a 'java/lang/NoSuchMethodError'{0x00000000eb89c238}: 'java.lang.Object java.lang.invoke.DirectMethodHandle$Holder.invokeStaticInit(java.lang.Object, int, int, int, int)'> (0x00000000eb89c238) 
thrown [e:\jenkins\tmp\workspace\build\src\src\hotspot\share\interpreter\linkResolver.cpp, line 766]
Event: 7.048 Thread 0x000002737c5cf040 Exception <a 'java/lang/NoSuchMethodError'{0x00000000eb95f8e8}: 'java.lang.Object java.lang.invoke.DirectMethodHandle$Holder.invokeStaticInit(java.lang.Object, java.lang.Object, int, int, int, int)'> (0x00000000eb95f8e8) 
thrown [e:\jenkins\tmp\workspace\build\src\src\hotspot\share\interpreter\linkResolver.cpp, line 766]
Event: 7.159 Thread 0x000002737c5cf040 Exception <a 'java/lang/NoSuchMethodError'{0x00000000eb9d6990}: 'void java.lang.invoke.DirectMethodHandle$Holder.invokeSpecial(java.lang.Object, java.lang.Object, java.lang.Object)'> (0x00000000eb9d6990) 
thrown [e:\jenkins\tmp\workspace\build\src\src\hotspot\share\interpreter\linkResolver.cpp, line 766]

VM Operations (18 events):
Event: 2.762 Executing VM operation: HandshakeAllThreads
Event: 2.762 Executing VM operation: HandshakeAllThreads done
Event: 2.762 Executing VM operation: Cleanup
Event: 2.762 Executing VM operation: Cleanup done
Event: 3.768 Executing VM operation: Cleanup
Event: 3.818 Executing VM operation: Cleanup done
Event: 4.831 Executing VM operation: Cleanup
Event: 4.848 Executing VM operation: Cleanup done
Event: 5.394 Executing VM operation: HandshakeAllThreads
Event: 5.394 Executing VM operation: HandshakeAllThreads done
Event: 6.048 Executing VM operation: HandshakeAllThreads
Event: 6.048 Executing VM operation: HandshakeAllThreads done
Event: 6.048 Executing VM operation: Cleanup
Event: 6.048 Executing VM operation: Cleanup done
Event: 7.054 Executing VM operation: Cleanup
Event: 7.054 Executing VM operation: Cleanup done
Event: 8.061 Executing VM operation: Cleanup
Event: 8.061 Executing VM operation: Cleanup done

Events (20 events):
Event: 7.556 loading class java/util/Collections$UnmodifiableMap$UnmodifiableEntrySet$1 done
Event: 7.556 loading class java/util/Collections$UnmodifiableMap$UnmodifiableEntrySet$UnmodifiableEntry
Event: 7.556 loading class java/util/Collections$UnmodifiableMap$UnmodifiableEntrySet$UnmodifiableEntry done
Event: 7.590 loading class java/lang/reflect/TypeVariable
Event: 7.590 loading class java/lang/reflect/TypeVariable done
Event: 7.594 loading class java/lang/reflect/AnnotatedType
Event: 7.594 loading class java/lang/reflect/AnnotatedType done
Event: 7.604 loading class java/util/ArrayList$SubList$1
Event: 7.605 loading class java/util/ArrayList$SubList$1 done
Event: 7.794 loading class java/lang/AssertionError
Event: 7.794 loading class java/lang/AssertionError done
Event: 8.129 loading class java/util/concurrent/Executors
Event: 8.280 loading class java/util/concurrent/Executors done
Event: 8.280 loading class java/util/concurrent/ScheduledThreadPoolExecutor
Event: 8.286 loading class java/util/concurrent/ScheduledExecutorService
Event: 8.286 loading class java/util/concurrent/ExecutorService
Event: 8.286 loading class java/util/concurrent/ExecutorService done
Event: 8.287 loading class java/util/concurrent/ScheduledExecutorService done
Event: 8.287 loading class java/util/concurrent/ThreadPoolExecutor
Event: 8.290 loading class java/util/concurrent/AbstractExecutorService


Dynamic libraries:
0x00007ff72d9f0000 - 0x00007ff72d9fe000 	c:\Users\Usuario\.vscode\extensions\redhat.java-1.6.0-win32-x64\jre\17.0.2-win32-x86_64\bin\java.exe
0x00007ffcd69b0000 - 0x00007ffcd6ba5000 	C:\Windows\SYSTEM32\ntdll.dll
0x00007ffcd4a00000 - 0x00007ffcd4abd000 	C:\Windows\System32\KERNEL32.DLL
0x00007ffcd4630000 - 0x00007ffcd48fd000 	C:\Windows\System32\KERNELBASE.dll
0x00007ffcd4270000 - 0x00007ffcd4370000 	C:\Windows\System32\ucrtbase.dll
0x00007ffcce7a0000 - 0x00007ffcce7b8000 	c:\Users\Usuario\.vscode\extensions\redhat.java-1.6.0-win32-x64\jre\17.0.2-win32-x86_64\bin\jli.dll
0x00007ffcd52a0000 - 0x00007ffcd5440000 	C:\Windows\System32\USER32.dll
0x00007ffcd49d0000 - 0x00007ffcd49f2000 	C:\Windows\System32\win32u.dll
0x00007ffcd4d10000 - 0x00007ffcd4d3a000 	C:\Windows\System32\GDI32.dll
0x00007ffcd4400000 - 0x00007ffcd450b000 	C:\Windows\System32\gdi32full.dll
0x00007ffcd4930000 - 0x00007ffcd49cd000 	C:\Windows\System32\msvcp_win.dll
0x00007ffcbb9f0000 - 0x00007ffcbbc8a000 	C:\Windows\WinSxS\amd64_microsoft.windows.common-controls_6595b64144ccf1df_6.0.19041.1110_none_60b5254171f9507e\COMCTL32.dll
0x00007ffcd4de0000 - 0x00007ffcd4e7e000 	C:\Windows\System32\msvcrt.dll
0x00007ffccdcb0000 - 0x00007ffccdcc9000 	c:\Users\Usuario\.vscode\extensions\redhat.java-1.6.0-win32-x64\jre\17.0.2-win32-x86_64\bin\VCRUNTIME140.dll
0x00007ffcd6030000 - 0x00007ffcd6060000 	C:\Windows\System32\IMM32.DLL
0x00007ffccf410000 - 0x00007ffccf41c000 	c:\Users\Usuario\.vscode\extensions\redhat.java-1.6.0-win32-x64\jre\17.0.2-win32-x86_64\bin\vcruntime140_1.dll
0x00007ffcb5470000 - 0x00007ffcb5501000 	c:\Users\Usuario\.vscode\extensions\redhat.java-1.6.0-win32-x64\jre\17.0.2-win32-x86_64\bin\msvcp140.dll
0x00007ffc9e1d0000 - 0x00007ffc9ee17000 	c:\Users\Usuario\.vscode\extensions\redhat.java-1.6.0-win32-x64\jre\17.0.2-win32-x86_64\bin\server\jvm.dll
0x00007ffcd6060000 - 0x00007ffcd610e000 	C:\Windows\System32\ADVAPI32.dll
0x00007ffcd4e90000 - 0x00007ffcd4f2c000 	C:\Windows\System32\sechost.dll
0x00007ffcd4ac0000 - 0x00007ffcd4be5000 	C:\Windows\System32\RPCRT4.dll
0x00007ffcd4e80000 - 0x00007ffcd4e88000 	C:\Windows\System32\PSAPI.DLL
0x00007ffcbe5c0000 - 0x00007ffcbe5c9000 	C:\Windows\SYSTEM32\WSOCK32.dll
0x00007ffcd5fc0000 - 0x00007ffcd602b000 	C:\Windows\System32\WS2_32.dll
0x00007ffcbf100000 - 0x00007ffcbf127000 	C:\Windows\SYSTEM32\WINMM.dll
0x00007ffcce1a0000 - 0x00007ffcce1aa000 	C:\Windows\SYSTEM32\VERSION.dll
0x00007ffcd1f80000 - 0x00007ffcd1f92000 	C:\Windows\SYSTEM32\kernel.appcore.dll
0x00007ffccf3d0000 - 0x00007ffccf3da000 	c:\Users\Usuario\.vscode\extensions\redhat.java-1.6.0-win32-x64\jre\17.0.2-win32-x86_64\bin\jimage.dll
0x00007ffcccaf0000 - 0x00007ffccccd4000 	C:\Windows\SYSTEM32\DBGHELP.DLL
0x00007ffcccf70000 - 0x00007ffcccf9c000 	C:\Windows\SYSTEM32\dbgcore.DLL
0x00007ffcd4370000 - 0x00007ffcd43f2000 	C:\Windows\System32\bcryptPrimitives.dll
0x00007ffccdc80000 - 0x00007ffccdca5000 	c:\Users\Usuario\.vscode\extensions\redhat.java-1.6.0-win32-x64\jre\17.0.2-win32-x86_64\bin\java.dll
0x00007ffccda80000 - 0x00007ffccda98000 	c:\Users\Usuario\.vscode\extensions\redhat.java-1.6.0-win32-x64\jre\17.0.2-win32-x86_64\bin\zip.dll
0x00007ffcd57a0000 - 0x00007ffcd5ee4000 	C:\Windows\System32\SHELL32.dll
0x00007ffcd2180000 - 0x00007ffcd2914000 	C:\Windows\SYSTEM32\windows.storage.dll
0x00007ffcd5440000 - 0x00007ffcd5794000 	C:\Windows\System32\combase.dll
0x00007ffcd3a50000 - 0x00007ffcd3a7c000 	C:\Windows\SYSTEM32\Wldp.dll
0x00007ffcd4f90000 - 0x00007ffcd503d000 	C:\Windows\System32\SHCORE.dll
0x00007ffcd6780000 - 0x00007ffcd67d5000 	C:\Windows\System32\shlwapi.dll
0x00007ffcd4000000 - 0x00007ffcd401f000 	C:\Windows\SYSTEM32\profapi.dll
0x00007ffccc890000 - 0x00007ffccc8a9000 	C:\Users\Usuario\.vscode\extensions\redhat.java-1.6.0-win32-x64\jre\17.0.2-win32-x86_64\bin\net.dll
0x00007ffccab90000 - 0x00007ffccac9a000 	C:\Windows\SYSTEM32\WINHTTP.dll
0x00007ffcd3750000 - 0x00007ffcd37ba000 	C:\Windows\system32\mswsock.dll
0x00007ffcb5f80000 - 0x00007ffcb5f95000 	C:\Users\Usuario\.vscode\extensions\redhat.java-1.6.0-win32-x64\jre\17.0.2-win32-x86_64\bin\nio.dll
0x00007ffcd3920000 - 0x00007ffcd3938000 	C:\Windows\SYSTEM32\CRYPTSP.dll
0x00007ffcd30f0000 - 0x00007ffcd3124000 	C:\Windows\system32\rsaenh.dll
0x00007ffcd4900000 - 0x00007ffcd4927000 	C:\Windows\System32\bcrypt.dll
0x00007ffcd3fc0000 - 0x00007ffcd3fee000 	C:\Windows\SYSTEM32\USERENV.dll
0x00007ffcd3910000 - 0x00007ffcd391c000 	C:\Windows\SYSTEM32\CRYPTBASE.dll
0x00007ffcd3460000 - 0x00007ffcd349b000 	C:\Windows\SYSTEM32\IPHLPAPI.DLL
0x00007ffcd6250000 - 0x00007ffcd6258000 	C:\Windows\System32\NSI.dll
0x00007ffccc8b0000 - 0x00007ffccc8c7000 	C:\Windows\SYSTEM32\dhcpcsvc6.DLL
0x00007ffccc860000 - 0x00007ffccc87d000 	C:\Windows\SYSTEM32\dhcpcsvc.DLL
0x00007ffcd34a0000 - 0x00007ffcd356b000 	C:\Windows\SYSTEM32\DNSAPI.dll

dbghelp: loaded successfully - version: 4.0.5 - missing functions: none
symbol engine: initialized successfully - sym options: 0x614 - pdb path: .;c:\Users\Usuario\.vscode\extensions\redhat.java-1.6.0-win32-x64\jre\17.0.2-win32-x86_64\bin;C:\Windows\SYSTEM32;C:\Windows\WinSxS\amd64_microsoft.windows.common-controls_6595b64144ccf1df_6.0.19041.1110_none_60b5254171f9507e;c:\Users\Usuario\.vscode\extensions\redhat.java-1.6.0-win32-x64\jre\17.0.2-win32-x86_64\bin\server

VM Arguments:
jvm_args: --add-modules=ALL-SYSTEM --add-opens=java.base/java.util=ALL-UNNAMED --add-opens=java.base/java.lang=ALL-UNNAMED --add-opens=java.base/sun.nio.fs=ALL-UNNAMED -Declipse.application=org.eclipse.jdt.ls.core.id1 -Dosgi.bundles.defaultStartLevel=4 -Declipse.product=org.eclipse.jdt.ls.core.product -Djava.import.generatesMetadataFilesAtProjectRoot=false -Dfile.encoding=utf8 -DwatchParentProcess=false -XX:+UseParallelGC -XX:GCTimeRatio=4 -XX:AdaptiveSizePolicyWeight=90 -Dsun.zip.disableMemoryMapping=true -Xmx1G -Xms100m 
java_command: c:\Users\Usuario\.vscode\extensions\redhat.java-1.6.0-win32-x64\server\plugins\org.eclipse.equinox.launcher_1.6.400.v20210924-0641.jar -configuration c:\Users\Usuario\AppData\Roaming\Code\User\globalStorage\redhat.java\1.6.0\config_ss_win -data c:\Users\Usuario\AppData\Roaming\Code\User\workspaceStorage\9b3c5aec89280ab4abbc73789ce95843\redhat.java\ss_ws
java_class_path (initial): c:\Users\Usuario\.vscode\extensions\redhat.java-1.6.0-win32-x64\server\plugins\org.eclipse.equinox.launcher_1.6.400.v20210924-0641.jar
Launcher Type: SUN_STANDARD

[Global flags]
    uintx AdaptiveSizePolicyWeight                 = 90                                        {product} {command line}
     intx CICompilerCount                          = 3                                         {product} {ergonomic}
    uintx GCTimeRatio                              = 4                                         {product} {command line}
   size_t InitialHeapSize                          = 104857600                                 {product} {command line}
   size_t MaxHeapSize                              = 1073741824                                {product} {command line}
   size_t MaxNewSize                               = 357564416                                 {product} {ergonomic}
   size_t MinHeapDeltaBytes                        = 524288                                    {product} {ergonomic}
   size_t MinHeapSize                              = 104857600                                 {product} {command line}
   size_t NewSize                                  = 34603008                                  {product} {ergonomic}
    uintx NonNMethodCodeHeapSize                   = 5832780                                {pd product} {ergonomic}
    uintx NonProfiledCodeHeapSize                  = 122912730                              {pd product} {ergonomic}
   size_t OldSize                                  = 70254592                                  {product} {ergonomic}
    uintx ProfiledCodeHeapSize                     = 122912730                              {pd product} {ergonomic}
    uintx ReservedCodeCacheSize                    = 251658240                              {pd product} {ergonomic}
     bool SegmentedCodeCache                       = true                                      {product} {ergonomic}
   size_t SoftMaxHeapSize                          = 1073741824                             {manageable} {ergonomic}
     bool UseCompressedClassPointers               = true                           {product lp64_product} {ergonomic}
     bool UseCompressedOops                        = true                           {product lp64_product} {ergonomic}
     bool UseLargePagesIndividualAllocation        = false                                  {pd product} {ergonomic}
     bool UseParallelGC                            = true                                      {product} {command line}

Logging:
Log output configuration:
 #0: stdout all=warning uptime,level,tags
 #1: stderr all=off uptime,level,tags

Environment Variables:
JAVA_HOME=C:\Program Files\Java\jdk-11.0.14
PATH=C:\Program Files\Java\jdk-11.0.14\bin;C:\Program Files\Common Files\Oracle\Java\javapath;C:\Program Files (x86)\Common Files\Oracle\Java\javapath;C:\Windows\system32;C:\Windows;C:\Windows\System32\Wbem;C:\Windows\System32\WindowsPowerShell\v1.0\;C:\Windows\System32\OpenSSH\;C:\Program Files\Git\cmd;C:\Program Files\MATLAB\R2021a\runtime\win64;C:\Program Files\MATLAB\R2021a\bin;C:\Program Files (x86)\dotnet\;C:\Program Files\Microsoft SQL Server\150\Tools\Binn\;C:\Program Files\Microsoft SQL Server\120\Tools\Binn\;C:\Program Files\apache-maven-3.8.5;C:\Program Files\nodejs\;C:\Users\Usuario\AppData\Local\Microsoft\WindowsApps;C:\Users\Usuario\AppData\Local\Programs\Microsoft VS Code\bin;C:\Program Files\heroku\bin;C:\Users\Usuario\AppData\Roaming\npm
USERNAME=Usuario
OS=Windows_NT
PROCESSOR_IDENTIFIER=Intel64 Family 6 Model 78 Stepping 3, GenuineIntel



---------------  S Y S T E M  ---------------

OS:
 Windows 10 , 64 bit Build 19041 (10.0.19041.1706)
OS uptime: 5 days 14:44 hours
Hyper-V role detected

CPU: total 4 (initial active 4) (2 cores per cpu, 2 threads per core) family 6 model 78 stepping 3 microcode 0xcc, cx8, cmov, fxsr, ht, mmx, 3dnowpref, sse, sse2, sse3, ssse3, sse4.1, sse4.2, popcnt, lzcnt, tsc, tscinvbit, avx, avx2, aes, erms, clmul, bmi1, bmi2, rtm, adx, fma, vzeroupper, clflush, clflushopt, hv

Memory: 4k page, system-wide physical 8072M (171M free)
TotalPageFile size 11912M (AvailPageFile size 1M)
current process WorkingSet (physical memory assigned to process): 61M, peak: 65M
current process commit charge ("private bytes"): 180M, peak: 185M

vm_info: OpenJDK 64-Bit Server VM (17.0.2+8) for windows-amd64 JRE (17.0.2+8), built on Jan 20 2022 04:52:34 by "" with MS VC++ 16.7 (VS2019)

END.
