#
# There is insufficient memory for the Java Runtime Environment to continue.
# Native memory allocation (malloc) failed to allocate 1048576 bytes for AllocateHeap
# Possible reasons:
#   The system is out of physical RAM or swap space
#   The process is running with CompressedOops enabled, and the Java Heap may be blocking the growth of the native heap
# Possible solutions:
#   Reduce memory load on the system
#   Increase physical memory or swap space
#   Check if swap backing store is full
#   Decrease Java heap size (-Xmx/-Xms)
#   Decrease number of Java threads
#   Decrease Java thread stack sizes (-Xss)
#   Set larger code cache with -XX:ReservedCodeCacheSize=
#   JVM is running with Unscaled Compressed Oops mode in which the Java heap is
#     placed in the first 4GB address space. The Java Heap base address is the
#     maximum limit for the native heap growth. Please use -XX:HeapBaseMinAddress
#     to set the Java Heap base and to place the Java Heap above 4GB virtual address.
# This output file may be truncated or incomplete.
#
#  Out of Memory Error (allocation.cpp:44), pid=16760, tid=9444
#
# JRE version: OpenJDK Runtime Environment Temurin-17.0.3+7 (17.0.3+7) (build 17.0.3+7)
# Java VM: OpenJDK 64-Bit Server VM Temurin-17.0.3+7 (17.0.3+7, mixed mode, emulated-client, tiered, compressed oops, compressed class ptrs, g1 gc, windows-amd64)
# No core dump will be written. Minidumps are not enabled by default on client versions of Windows
#

---------------  S U M M A R Y ------------

Command Line: --add-modules=ALL-SYSTEM --add-exports=jdk.compiler/com.sun.tools.javac.file=ALL-UNNAMED --add-exports=jdk.compiler/com.sun.tools.javac.util=ALL-UNNAMED --add-exports=jdk.compiler/com.sun.tools.javac.comp=ALL-UNNAMED --add-exports=jdk.compiler/com.sun.tools.javac.main=ALL-UNNAMED --add-exports=jdk.compiler/com.sun.tools.javac.tree=ALL-UNNAMED --add-exports=jdk.compiler/com.sun.tools.javac.code=ALL-UNNAMED -Dsts.lsp.client=vscode -Dsts.log.file=/dev/null -XX:TieredStopAtLevel=1 -Dspring.config.location=file:c:\Users\Usuario\.vscode\extensions\pivotal.vscode-spring-boot-1.36.0\language-server\BOOT-INF\classes\application.properties org.springframework.ide.vscode.boot.app.BootLanguageServerBootApp

Host: Intel(R) Core(TM) i3-6100U CPU @ 2.30GHz, 4 cores, 7G,  Windows 10 , 64 bit Build 19041 (10.0.19041.1741)
Time: Mon Jul 11 16:39:20 2022 Hora est. Pacífico, Sudamérica elapsed time: 341.722735 seconds (0d 0h 5m 41s)

---------------  T H R E A D  ---------------

Current thread (0x0000021f639fc810):  VMThread "VM Thread" [stack: 0x0000008c79200000,0x0000008c79300000] [id=9444]

Stack: [0x0000008c79200000,0x0000008c79300000]
Native frames: (J=compiled Java code, j=interpreted, Vv=VM code, C=native code)
V  [jvm.dll+0x675efa]
V  [jvm.dll+0x830a24]
V  [jvm.dll+0x8321ce]
V  [jvm.dll+0x832833]
V  [jvm.dll+0x2454b5]
V  [jvm.dll+0xa6393]
V  [jvm.dll+0x2f55c3]
V  [jvm.dll+0x2f12d0]
V  [jvm.dll+0x2d99b7]
V  [jvm.dll+0x31cac7]
V  [jvm.dll+0x836cdb]
V  [jvm.dll+0x837a14]
V  [jvm.dll+0x837f2c]
V  [jvm.dll+0x838304]
V  [jvm.dll+0x8383d0]
V  [jvm.dll+0x7e0cfa]
V  [jvm.dll+0x674d85]
C  [ucrtbase.dll+0x21bb2]
C  [KERNEL32.DLL+0x17034]
C  [ntdll.dll+0x52651]

VM_Operation (0x0000008c7abfee80): G1CollectFull, mode: safepoint, requested by thread 0x0000021f6625ea60


---------------  P R O C E S S  ---------------

Threads class SMR info:
_java_thread_list=0x0000021f681598c0, length=18, elements={
0x0000021f63a1f020, 0x0000021f63a1fb40, 0x0000021f63a53130, 0x0000021f63a55dc0,
0x0000021f63a56940, 0x0000021f6440a8a0, 0x0000021f6440d170, 0x0000021f64441370,
0x0000021f639aae80, 0x0000021f6464d8c0, 0x0000021f6625ea60, 0x0000021f6625b0a0,
0x0000021f6625b570, 0x0000021f6625ba40, 0x0000021f6625c3e0, 0x0000021f6625bf10,
0x0000021f6625c8b0, 0x0000021f6625cd80
}

Java Threads: ( => current thread )
  0x0000021f63a1f020 JavaThread "Reference Handler" daemon [_thread_blocked, id=8116, stack(0x0000008c79300000,0x0000008c79400000)]
  0x0000021f63a1fb40 JavaThread "Finalizer" daemon [_thread_blocked, id=5968, stack(0x0000008c79400000,0x0000008c79500000)]
  0x0000021f63a53130 JavaThread "Signal Dispatcher" daemon [_thread_blocked, id=2016, stack(0x0000008c79500000,0x0000008c79600000)]
  0x0000021f63a55dc0 JavaThread "Attach Listener" daemon [_thread_blocked, id=16164, stack(0x0000008c79600000,0x0000008c79700000)]
  0x0000021f63a56940 JavaThread "Service Thread" daemon [_thread_blocked, id=16120, stack(0x0000008c79700000,0x0000008c79800000)]
  0x0000021f6440a8a0 JavaThread "Monitor Deflation Thread" daemon [_thread_blocked, id=18388, stack(0x0000008c79800000,0x0000008c79900000)]
  0x0000021f6440d170 JavaThread "C1 CompilerThread0" daemon [_thread_blocked, id=15632, stack(0x0000008c79900000,0x0000008c79a00000)]
  0x0000021f64441370 JavaThread "Sweeper thread" daemon [_thread_blocked, id=528, stack(0x0000008c79a00000,0x0000008c79b00000)]
  0x0000021f639aae80 JavaThread "Common-Cleaner" daemon [_thread_blocked, id=3092, stack(0x0000008c79b00000,0x0000008c79c00000)]
  0x0000021f6464d8c0 JavaThread "Notification Thread" daemon [_thread_blocked, id=4928, stack(0x0000008c79e00000,0x0000008c79f00000)]
  0x0000021f6625ea60 JavaThread "pool-7-thread-1" [_thread_blocked, id=14748, stack(0x0000008c7ab00000,0x0000008c7ac00000)]
  0x0000021f6625b0a0 JavaThread "LanguageServerApp-lifecycle" [_thread_blocked, id=9880, stack(0x0000008c7ad00000,0x0000008c7ae00000)]
  0x0000021f6625b570 JavaThread "DestroyJavaVM" [_thread_blocked, id=12256, stack(0x0000008c78c00000,0x0000008c78d00000)]
  0x0000021f6625ba40 JavaThread "pool-8-thread-1" [_thread_in_native, id=8712, stack(0x0000008c7ae00000,0x0000008c7af00000)]
  0x0000021f6625c3e0 JavaThread "Simple-Language-Server main thread" daemon [_thread_blocked, id=13324, stack(0x0000008c7af00000,0x0000008c7b000000)]
  0x0000021f6625bf10 JavaThread "Reconciler-1" [_thread_blocked, id=17072, stack(0x0000008c7b000000,0x0000008c7b100000)]
  0x0000021f6625c8b0 JavaThread "parallel-1" daemon [_thread_blocked, id=6472, stack(0x0000008c7b100000,0x0000008c7b200000)]
  0x0000021f6625cd80 JavaThread "pool-3-thread-1" [_thread_blocked, id=12200, stack(0x0000008c7b200000,0x0000008c7b300000)]

Other Threads:
=>0x0000021f639fc810 VMThread "VM Thread" [stack: 0x0000008c79200000,0x0000008c79300000] [id=9444]
  0x0000021f57020b20 WatcherThread [stack: 0x0000008c79f00000,0x0000008c7a000000] [id=32]
  0x0000021f57007b10 GCTaskThread "GC Thread#0" [stack: 0x0000008c78d00000,0x0000008c78e00000] [id=12916]
  0x0000021f64a8e2b0 GCTaskThread "GC Thread#1" [stack: 0x0000008c79c00000,0x0000008c79d00000] [id=18140]
  0x0000021f64c5e7e0 GCTaskThread "GC Thread#2" [stack: 0x0000008c79d00000,0x0000008c79e00000] [id=11824]
  0x0000021f64f3def0 GCTaskThread "GC Thread#3" [stack: 0x0000008c7a200000,0x0000008c7a300000] [id=3420]
  0x0000021f570185e0 ConcurrentGCThread "G1 Main Marker" [stack: 0x0000008c78e00000,0x0000008c78f00000] [id=8996]
  0x0000021f570196a0 ConcurrentGCThread "G1 Conc#0" [stack: 0x0000008c78f00000,0x0000008c79000000] [id=860]
  0x0000021f57071f20 ConcurrentGCThread "G1 Refine#0" [stack: 0x0000008c79000000,0x0000008c79100000] [id=13496]
  0x0000021f66a7a7a0 ConcurrentGCThread "G1 Refine#1" [stack: 0x0000008c7a400000,0x0000008c7a500000] [id=14328]
  0x0000021f57072850 ConcurrentGCThread "G1 Service" [stack: 0x0000008c79100000,0x0000008c79200000] [id=11908]

Threads with active compile tasks:

VM state: at safepoint (normal execution)

VM Mutex/Monitor currently owned by a thread:  ([mutex/lock_event])
[0x0000021f54e39730] Threads_lock - owner thread: 0x0000021f639fc810
[0x0000021f56f9dc10] Heap_lock - owner thread: 0x0000021f6625ea60

Heap address: 0x0000000081c00000, size: 2020 MB, Compressed Oops mode: 32-bit

CDS archive(s) not mapped
Compressed class space mapped at: 0x0000000100000000-0x0000000140000000, reserved size: 1073741824
Narrow klass base: 0x0000000000000000, Narrow klass shift: 3, Narrow klass range: 0x140000000

GC Precious Log:
 CPUs: 4 total, 4 available
 Memory: 8072M
 Large Page Support: Disabled
 NUMA Support: Disabled
 Compressed Oops: Enabled (32-bit)
 Heap Region Size: 1M
 Heap Min Capacity: 8M
 Heap Initial Capacity: 128M
 Heap Max Capacity: 2020M
 Pre-touch: Disabled
 Parallel Workers: 4
 Concurrent Workers: 1
 Concurrent Refinement Workers: 4
 Periodic GC: Disabled

Heap:
 garbage-first heap   total 61440K, used 17976K [0x0000000081c00000, 0x0000000100000000)
  region size 1024K, 1 young (1024K), 0 survivors (0K)
 Metaspace       used 44216K, committed 44672K, reserved 1089536K
  class space    used 5918K, committed 6080K, reserved 1048576K

Heap Regions: E=young(eden), S=young(survivor), O=old, HS=humongous(starts), HC=humongous(continues), CS=collection set, F=free, OA=open archive, CA=closed archive, TAMS=top-at-mark-start (previous, next)
|   0|0x0000000081c00000, 0x0000000081d00000, 0x0000000081d00000|100%| O|  |TAMS 0x0000000081d00000, 0x0000000081c00000| Untracked 
|   1|0x0000000081d00000, 0x0000000081dffff8, 0x0000000081e00000| 99%| O|  |TAMS 0x0000000081dffff8, 0x0000000081d00000| Untracked 
|   2|0x0000000081e00000, 0x0000000081f00000, 0x0000000081f00000|100%| O|  |TAMS 0x0000000081f00000, 0x0000000081e00000| Untracked 
|   3|0x0000000081f00000, 0x0000000082000000, 0x0000000082000000|100%| O|  |TAMS 0x0000000082000000, 0x0000000081f00000| Untracked 
|   4|0x0000000082000000, 0x00000000820ffff0, 0x0000000082100000| 99%| O|  |TAMS 0x00000000820ffff0, 0x0000000082000000| Untracked 
|   5|0x0000000082100000, 0x0000000082200000, 0x0000000082200000|100%| O|  |TAMS 0x0000000082200000, 0x0000000082100000| Untracked 
|   6|0x0000000082200000, 0x00000000822fffe8, 0x0000000082300000| 99%| O|  |TAMS 0x00000000822fffe8, 0x0000000082200000| Untracked 
|   7|0x0000000082300000, 0x00000000823fffc0, 0x0000000082400000| 99%| O|  |TAMS 0x00000000823fffc0, 0x0000000082300000| Untracked 
|   8|0x0000000082400000, 0x00000000824ffbb8, 0x0000000082500000| 99%| O|  |TAMS 0x00000000824ffbb8, 0x0000000082400000| Untracked 
|   9|0x0000000082500000, 0x00000000825ffff8, 0x0000000082600000| 99%| O|  |TAMS 0x00000000825ffff8, 0x0000000082500000| Untracked 
|  10|0x0000000082600000, 0x00000000826ffff8, 0x0000000082700000| 99%| O|  |TAMS 0x00000000826ffff8, 0x0000000082600000| Untracked 
|  11|0x0000000082700000, 0x0000000082800000, 0x0000000082800000|100%| O|  |TAMS 0x0000000082800000, 0x0000000082700000| Untracked 
|  12|0x0000000082800000, 0x00000000828ffff8, 0x0000000082900000| 99%| O|  |TAMS 0x00000000828ffff8, 0x0000000082800000| Untracked 
|  13|0x0000000082900000, 0x00000000829ffff8, 0x0000000082a00000| 99%| O|  |TAMS 0x00000000829ffff8, 0x0000000082900000| Untracked 
|  14|0x0000000082a00000, 0x0000000082afc6e8, 0x0000000082b00000| 98%| O|  |TAMS 0x0000000082afc6e8, 0x0000000082a00000| Untracked 
|  15|0x0000000082b00000, 0x0000000082bffbe8, 0x0000000082c00000| 99%| O|  |TAMS 0x0000000082bffbe8, 0x0000000082b00000| Untracked 
|  16|0x0000000082c00000, 0x0000000082cbf3f0, 0x0000000082d00000| 74%| O|  |TAMS 0x0000000082c00000, 0x0000000082c00000| Untracked 
|  17|0x0000000082d00000, 0x0000000082dd3018, 0x0000000082e00000| 82%| O|  |TAMS 0x0000000082d00000, 0x0000000082d00000| Untracked 
|  18|0x0000000082e00000, 0x0000000082e00000, 0x0000000082f00000|  0%| F|  |TAMS 0x0000000082e00000, 0x0000000082e00000| Untracked 
|  19|0x0000000082f00000, 0x0000000082f00000, 0x0000000083000000|  0%| F|  |TAMS 0x0000000082f00000, 0x0000000082f00000| Untracked 
|  20|0x0000000083000000, 0x0000000083000000, 0x0000000083100000|  0%| F|  |TAMS 0x0000000083000000, 0x0000000083000000| Untracked 
|  21|0x0000000083100000, 0x0000000083100000, 0x0000000083200000|  0%| F|  |TAMS 0x0000000083100000, 0x0000000083100000| Untracked 
|  22|0x0000000083200000, 0x0000000083200000, 0x0000000083300000|  0%| F|  |TAMS 0x0000000083200000, 0x0000000083200000| Untracked 
|  23|0x0000000083300000, 0x0000000083300000, 0x0000000083400000|  0%| F|  |TAMS 0x0000000083300000, 0x0000000083300000| Untracked 
|  24|0x0000000083400000, 0x0000000083400000, 0x0000000083500000|  0%| F|  |TAMS 0x0000000083400000, 0x0000000083400000| Untracked 
|  25|0x0000000083500000, 0x0000000083500000, 0x0000000083600000|  0%| F|  |TAMS 0x0000000083500000, 0x0000000083500000| Untracked 
|  26|0x0000000083600000, 0x0000000083600000, 0x0000000083700000|  0%| F|  |TAMS 0x0000000083600000, 0x0000000083600000| Untracked 
|  27|0x0000000083700000, 0x0000000083700000, 0x0000000083800000|  0%| F|  |TAMS 0x0000000083700000, 0x0000000083700000| Untracked 
|  28|0x0000000083800000, 0x0000000083800000, 0x0000000083900000|  0%| F|  |TAMS 0x0000000083800000, 0x0000000083800000| Untracked 
|  29|0x0000000083900000, 0x0000000083900000, 0x0000000083a00000|  0%| F|  |TAMS 0x0000000083900000, 0x0000000083900000| Untracked 
|  30|0x0000000083a00000, 0x0000000083a00000, 0x0000000083b00000|  0%| F|  |TAMS 0x0000000083a00000, 0x0000000083a00000| Untracked 
|  31|0x0000000083b00000, 0x0000000083b00000, 0x0000000083c00000|  0%| F|  |TAMS 0x0000000083b00000, 0x0000000083b00000| Untracked 
|  32|0x0000000083c00000, 0x0000000083c00000, 0x0000000083d00000|  0%| F|  |TAMS 0x0000000083c00000, 0x0000000083c00000| Untracked 
|  33|0x0000000083d00000, 0x0000000083d00000, 0x0000000083e00000|  0%| F|  |TAMS 0x0000000083d00000, 0x0000000083d00000| Untracked 
|  34|0x0000000083e00000, 0x0000000083e00000, 0x0000000083f00000|  0%| F|  |TAMS 0x0000000083e00000, 0x0000000083e00000| Untracked 
|  35|0x0000000083f00000, 0x0000000083f00000, 0x0000000084000000|  0%| F|  |TAMS 0x0000000083f00000, 0x0000000083f00000| Untracked 
|  36|0x0000000084000000, 0x0000000084000000, 0x0000000084100000|  0%| F|  |TAMS 0x0000000084000000, 0x0000000084000000| Untracked 
|  37|0x0000000084100000, 0x0000000084100000, 0x0000000084200000|  0%| F|  |TAMS 0x0000000084100000, 0x0000000084100000| Untracked 
|  38|0x0000000084200000, 0x0000000084200000, 0x0000000084300000|  0%| F|  |TAMS 0x0000000084200000, 0x0000000084200000| Untracked 
|  39|0x0000000084300000, 0x0000000084300000, 0x0000000084400000|  0%| F|  |TAMS 0x0000000084300000, 0x0000000084300000| Untracked 
|  40|0x0000000084400000, 0x0000000084400000, 0x0000000084500000|  0%| F|  |TAMS 0x0000000084400000, 0x0000000084400000| Untracked 
|  41|0x0000000084500000, 0x0000000084500000, 0x0000000084600000|  0%| F|  |TAMS 0x0000000084500000, 0x0000000084500000| Untracked 
|  42|0x0000000084600000, 0x0000000084600000, 0x0000000084700000|  0%| F|  |TAMS 0x0000000084600000, 0x0000000084600000| Untracked 
|  43|0x0000000084700000, 0x0000000084700000, 0x0000000084800000|  0%| F|  |TAMS 0x0000000084700000, 0x0000000084700000| Untracked 
|  44|0x0000000084800000, 0x0000000084800000, 0x0000000084900000|  0%| F|  |TAMS 0x0000000084800000, 0x0000000084800000| Untracked 
|  45|0x0000000084900000, 0x0000000084900000, 0x0000000084a00000|  0%| F|  |TAMS 0x0000000084900000, 0x0000000084900000| Untracked 
|  46|0x0000000084a00000, 0x0000000084a00000, 0x0000000084b00000|  0%| F|  |TAMS 0x0000000084a00000, 0x0000000084a00000| Untracked 
|  47|0x0000000084b00000, 0x0000000084b00000, 0x0000000084c00000|  0%| F|  |TAMS 0x0000000084b00000, 0x0000000084b00000| Untracked 
|  48|0x0000000084c00000, 0x0000000084c00000, 0x0000000084d00000|  0%| F|  |TAMS 0x0000000084c00000, 0x0000000084c00000| Untracked 
|  49|0x0000000084d00000, 0x0000000084d00000, 0x0000000084e00000|  0%| F|  |TAMS 0x0000000084d00000, 0x0000000084d00000| Untracked 
|  50|0x0000000084e00000, 0x0000000084e00000, 0x0000000084f00000|  0%| F|  |TAMS 0x0000000084e00000, 0x0000000084e00000| Untracked 
|  51|0x0000000084f00000, 0x0000000084f00000, 0x0000000085000000|  0%| F|  |TAMS 0x0000000084f00000, 0x0000000084f00000| Untracked 
|  52|0x0000000085000000, 0x0000000085000000, 0x0000000085100000|  0%| F|  |TAMS 0x0000000085000000, 0x0000000085000000| Untracked 
|  53|0x0000000085100000, 0x0000000085100000, 0x0000000085200000|  0%| F|  |TAMS 0x0000000085100000, 0x0000000085100000| Untracked 
|  54|0x0000000085200000, 0x0000000085200000, 0x0000000085300000|  0%| F|  |TAMS 0x0000000085200000, 0x0000000085200000| Untracked 
|  55|0x0000000085300000, 0x0000000085300000, 0x0000000085400000|  0%| F|  |TAMS 0x0000000085300000, 0x0000000085300000| Untracked 
|  56|0x0000000085400000, 0x0000000085400000, 0x0000000085500000|  0%| F|  |TAMS 0x0000000085400000, 0x0000000085400000| Untracked 
|  57|0x0000000085500000, 0x0000000085500000, 0x0000000085600000|  0%| F|  |TAMS 0x0000000085500000, 0x0000000085500000| Untracked 
|  58|0x0000000085600000, 0x0000000085600000, 0x0000000085700000|  0%| F|  |TAMS 0x0000000085600000, 0x0000000085600000| Untracked 
|  59|0x0000000085700000, 0x000000008570a078, 0x0000000085800000|  3%| E|  |TAMS 0x0000000085700000, 0x0000000085700000| Complete 

Card table byte_map: [0x0000021f5d030000,0x0000021f5d430000] _byte_map_base: 0x0000021f5cc22000

Marking Bits (Prev, Next): (CMBitMap*) 0x0000021f57008070, (CMBitMap*) 0x0000021f57008030
 Prev Bits: [0x0000021f5f7c0000, 0x0000021f61750000)
 Next Bits: [0x0000021f5d830000, 0x0000021f5f7c0000)

Polling page: 0x0000021f54db0000

Metaspace:

Usage:
  Non-class:     37.40 MB used.
      Class:      5.78 MB used.
       Both:     43.18 MB used.

Virtual space:
  Non-class space:       40.00 MB reserved,      37.69 MB ( 94%) committed,  5 nodes.
      Class space:        1.00 GB reserved,       5.94 MB ( <1%) committed,  1 nodes.
             Both:        1.04 GB reserved,      43.62 MB (  4%) committed. 

Chunk freelists:
   Non-Class:  2.12 MB
       Class:  1.93 MB
        Both:  4.05 MB

MaxMetaspaceSize: unlimited
CompressedClassSpaceSize: 1.00 GB
Initial GC threshold: 21.00 MB
Current GC threshold: 72.75 MB
CDS: off
MetaspaceReclaimPolicy: balanced
 - commit_granule_bytes: 65536.
 - commit_granule_words: 8192.
 - virtual_space_node_default_size: 1048576.
 - enlarge_chunks_in_place: 1.
 - new_chunks_are_fully_committed: 0.
 - uncommit_free_chunks: 1.
 - use_allocation_guard: 0.
 - handle_deallocations: 1.


Internal statistics:

num_allocs_failed_limit: 3.
num_arena_births: 410.
num_arena_deaths: 108.
num_vsnodes_births: 6.
num_vsnodes_deaths: 0.
num_space_committed: 698.
num_space_uncommitted: 0.
num_chunks_returned_to_freelist: 120.
num_chunks_taken_from_freelist: 1749.
num_chunk_merges: 41.
num_chunk_splits: 1245.
num_chunks_enlarged: 985.
num_purges: 6.
num_inconsistent_stats: 0.

CodeCache: size=49152Kb used=10308Kb max_used=11410Kb free=38843Kb
 bounds [0x0000021f59c30000, 0x0000021f5a760000, 0x0000021f5cc30000]
 total_blobs=6031 nmethods=5467 adapters=491
 compilation: enabled
              stopped_count=0, restarted_count=0
 full_count=0

Compilation events (20 events):
Event: 64.744 Thread 0x0000021f6440d170 5454       1       java.lang.invoke.MemberName::equals (24 bytes)
Event: 64.744 Thread 0x0000021f6440d170 nmethod 5454 0x0000021f59df4010 code [0x0000021f59df41a0, 0x0000021f59df4308]
Event: 64.747 Thread 0x0000021f6440d170 5457       1       jdk.internal.misc.Unsafe::getAndAddLong (27 bytes)
Event: 64.747 Thread 0x0000021f6440d170 nmethod 5457 0x0000021f59df3690 code [0x0000021f59df3820, 0x0000021f59df3938]
Event: 116.515 Thread 0x0000021f6440d170 5460       1       java.util.concurrent.ThreadPoolExecutor::runStateAtLeast (11 bytes)
Event: 116.516 Thread 0x0000021f6440d170 nmethod 5460 0x0000021f59df3090 code [0x0000021f59df3220, 0x0000021f59df32d8]
Event: 141.549 Thread 0x0000021f6440d170 5461  s    1       java.lang.StringBuffer::toString (59 bytes)
Event: 141.549 Thread 0x0000021f6440d170 nmethod 5461 0x0000021f59df2890 code [0x0000021f59df2a60, 0x0000021f59df2ef8]
Event: 141.556 Thread 0x0000021f6440d170 5462   !   1       java.util.concurrent.ConcurrentHashMap::transfer (850 bytes)
Event: 141.560 Thread 0x0000021f6440d170 nmethod 5462 0x0000021f59df0090 code [0x0000021f59df0340, 0x0000021f59df1b98]
Event: 141.560 Thread 0x0000021f6440d170 5463       1       com.google.gson.internal.$Gson$Preconditions::checkArgument (13 bytes)
Event: 141.560 Thread 0x0000021f6440d170 nmethod 5463 0x0000021f59defd10 code [0x0000021f59defea0, 0x0000021f59deffc8]
Event: 218.557 Thread 0x0000021f6440d170 5464   !   1       java.io.FileInputStream::close (69 bytes)
Event: 218.594 Thread 0x0000021f6440d170 nmethod 5464 0x0000021f59def690 code [0x0000021f59def860, 0x0000021f59defbd8]
Event: 218.594 Thread 0x0000021f6440d170 5465       1       java.io.FileInputStream$1::<init> (10 bytes)
Event: 218.594 Thread 0x0000021f6440d170 nmethod 5465 0x0000021f59def390 code [0x0000021f59def520, 0x0000021f59def638]
Event: 218.594 Thread 0x0000021f6440d170 5466       1       java.io.FileInputStream$1::close (11 bytes)
Event: 218.595 Thread 0x0000021f6440d170 nmethod 5466 0x0000021f59deed10 code [0x0000021f59deeec0, 0x0000021f59def1d8]
Event: 320.907 Thread 0x0000021f6440d170 5467       1       jdk.internal.misc.Unsafe::putReferenceOpaque (9 bytes)
Event: 320.907 Thread 0x0000021f6440d170 nmethod 5467 0x0000021f59deea10 code [0x0000021f59deeba0, 0x0000021f59deecb8]

GC Heap History (20 events):
Event: 239.027 GC heap before
{Heap before GC invocations=52 (full 14):
 garbage-first heap   total 61440K, used 17976K [0x0000000081c00000, 0x0000000100000000)
  region size 1024K, 1 young (1024K), 0 survivors (0K)
 Metaspace       used 44216K, committed 44672K, reserved 1089536K
  class space    used 5918K, committed 6080K, reserved 1048576K
}
Event: 239.058 GC heap after
{Heap after GC invocations=53 (full 15):
 garbage-first heap   total 61440K, used 17976K [0x0000000081c00000, 0x0000000100000000)
  region size 1024K, 0 young (0K), 0 survivors (0K)
 Metaspace       used 44216K, committed 44672K, reserved 1089536K
  class space    used 5918K, committed 6080K, reserved 1048576K
}
Event: 249.266 GC heap before
{Heap before GC invocations=53 (full 15):
 garbage-first heap   total 61440K, used 17976K [0x0000000081c00000, 0x0000000100000000)
  region size 1024K, 1 young (1024K), 0 survivors (0K)
 Metaspace       used 44216K, committed 44672K, reserved 1089536K
  class space    used 5918K, committed 6080K, reserved 1048576K
}
Event: 249.315 GC heap after
{Heap after GC invocations=54 (full 16):
 garbage-first heap   total 61440K, used 17976K [0x0000000081c00000, 0x0000000100000000)
  region size 1024K, 0 young (0K), 0 survivors (0K)
 Metaspace       used 44216K, committed 44672K, reserved 1089536K
  class space    used 5918K, committed 6080K, reserved 1048576K
}
Event: 259.509 GC heap before
{Heap before GC invocations=54 (full 16):
 garbage-first heap   total 61440K, used 17976K [0x0000000081c00000, 0x0000000100000000)
  region size 1024K, 1 young (1024K), 0 survivors (0K)
 Metaspace       used 44216K, committed 44672K, reserved 1089536K
  class space    used 5918K, committed 6080K, reserved 1048576K
}
Event: 259.549 GC heap after
{Heap after GC invocations=55 (full 17):
 garbage-first heap   total 61440K, used 17976K [0x0000000081c00000, 0x0000000100000000)
  region size 1024K, 0 young (0K), 0 survivors (0K)
 Metaspace       used 44216K, committed 44672K, reserved 1089536K
  class space    used 5918K, committed 6080K, reserved 1048576K
}
Event: 269.770 GC heap before
{Heap before GC invocations=55 (full 17):
 garbage-first heap   total 61440K, used 17976K [0x0000000081c00000, 0x0000000100000000)
  region size 1024K, 1 young (1024K), 0 survivors (0K)
 Metaspace       used 44216K, committed 44672K, reserved 1089536K
  class space    used 5918K, committed 6080K, reserved 1048576K
}
Event: 269.813 GC heap after
{Heap after GC invocations=56 (full 18):
 garbage-first heap   total 61440K, used 17976K [0x0000000081c00000, 0x0000000100000000)
  region size 1024K, 0 young (0K), 0 survivors (0K)
 Metaspace       used 44216K, committed 44672K, reserved 1089536K
  class space    used 5918K, committed 6080K, reserved 1048576K
}
Event: 280.045 GC heap before
{Heap before GC invocations=56 (full 18):
 garbage-first heap   total 61440K, used 17976K [0x0000000081c00000, 0x0000000100000000)
  region size 1024K, 1 young (1024K), 0 survivors (0K)
 Metaspace       used 44216K, committed 44672K, reserved 1089536K
  class space    used 5918K, committed 6080K, reserved 1048576K
}
Event: 280.088 GC heap after
{Heap after GC invocations=57 (full 19):
 garbage-first heap   total 61440K, used 17976K [0x0000000081c00000, 0x0000000100000000)
  region size 1024K, 0 young (0K), 0 survivors (0K)
 Metaspace       used 44216K, committed 44672K, reserved 1089536K
  class space    used 5918K, committed 6080K, reserved 1048576K
}
Event: 290.301 GC heap before
{Heap before GC invocations=57 (full 19):
 garbage-first heap   total 61440K, used 17976K [0x0000000081c00000, 0x0000000100000000)
  region size 1024K, 1 young (1024K), 0 survivors (0K)
 Metaspace       used 44216K, committed 44672K, reserved 1089536K
  class space    used 5918K, committed 6080K, reserved 1048576K
}
Event: 290.341 GC heap after
{Heap after GC invocations=58 (full 20):
 garbage-first heap   total 61440K, used 17976K [0x0000000081c00000, 0x0000000100000000)
  region size 1024K, 0 young (0K), 0 survivors (0K)
 Metaspace       used 44216K, committed 44672K, reserved 1089536K
  class space    used 5918K, committed 6080K, reserved 1048576K
}
Event: 300.570 GC heap before
{Heap before GC invocations=58 (full 20):
 garbage-first heap   total 61440K, used 17976K [0x0000000081c00000, 0x0000000100000000)
  region size 1024K, 1 young (1024K), 0 survivors (0K)
 Metaspace       used 44216K, committed 44672K, reserved 1089536K
  class space    used 5918K, committed 6080K, reserved 1048576K
}
Event: 300.610 GC heap after
{Heap after GC invocations=59 (full 21):
 garbage-first heap   total 61440K, used 17976K [0x0000000081c00000, 0x0000000100000000)
  region size 1024K, 0 young (0K), 0 survivors (0K)
 Metaspace       used 44216K, committed 44672K, reserved 1089536K
  class space    used 5918K, committed 6080K, reserved 1048576K
}
Event: 310.851 GC heap before
{Heap before GC invocations=59 (full 21):
 garbage-first heap   total 61440K, used 17976K [0x0000000081c00000, 0x0000000100000000)
  region size 1024K, 1 young (1024K), 0 survivors (0K)
 Metaspace       used 44216K, committed 44672K, reserved 1089536K
  class space    used 5918K, committed 6080K, reserved 1048576K
}
Event: 310.891 GC heap after
{Heap after GC invocations=60 (full 22):
 garbage-first heap   total 61440K, used 17976K [0x0000000081c00000, 0x0000000100000000)
  region size 1024K, 0 young (0K), 0 survivors (0K)
 Metaspace       used 44216K, committed 44672K, reserved 1089536K
  class space    used 5918K, committed 6080K, reserved 1048576K
}
Event: 321.328 GC heap before
{Heap before GC invocations=60 (full 22):
 garbage-first heap   total 61440K, used 17976K [0x0000000081c00000, 0x0000000100000000)
  region size 1024K, 1 young (1024K), 0 survivors (0K)
 Metaspace       used 44216K, committed 44672K, reserved 1089536K
  class space    used 5918K, committed 6080K, reserved 1048576K
}
Event: 321.376 GC heap after
{Heap after GC invocations=61 (full 23):
 garbage-first heap   total 61440K, used 17976K [0x0000000081c00000, 0x0000000100000000)
  region size 1024K, 0 young (0K), 0 survivors (0K)
 Metaspace       used 44216K, committed 44672K, reserved 1089536K
  class space    used 5918K, committed 6080K, reserved 1048576K
}
Event: 331.564 GC heap before
{Heap before GC invocations=61 (full 23):
 garbage-first heap   total 61440K, used 17976K [0x0000000081c00000, 0x0000000100000000)
  region size 1024K, 1 young (1024K), 0 survivors (0K)
 Metaspace       used 44216K, committed 44672K, reserved 1089536K
  class space    used 5918K, committed 6080K, reserved 1048576K
}
Event: 331.600 GC heap after
{Heap after GC invocations=62 (full 24):
 garbage-first heap   total 61440K, used 17976K [0x0000000081c00000, 0x0000000100000000)
  region size 1024K, 0 young (0K), 0 survivors (0K)
 Metaspace       used 44216K, committed 44672K, reserved 1089536K
  class space    used 5918K, committed 6080K, reserved 1048576K
}

Deoptimization events (20 events):
Event: 11.765 Thread 0x0000021f56fa9990 DEOPT PACKING pc=0x0000021f5a1a7675 sp=0x0000008c78cfde70
Event: 11.765 Thread 0x0000021f56fa9990 DEOPT UNPACKING pc=0x0000021f59c82b43 sp=0x0000008c78cfd2e0 mode 3
Event: 14.389 Thread 0x0000021f56fa9990 DEOPT PACKING pc=0x0000021f5a24a299 sp=0x0000008c78cfc550
Event: 14.390 Thread 0x0000021f56fa9990 DEOPT UNPACKING pc=0x0000021f59c82b43 sp=0x0000008c78cfba30 mode 3
Event: 14.560 Thread 0x0000021f6626a8c0 DEOPT PACKING pc=0x0000021f5a29b9ab sp=0x0000008c7a3fe780
Event: 14.560 Thread 0x0000021f6626a8c0 DEOPT UNPACKING pc=0x0000021f59c82b43 sp=0x0000008c7a3fdcc8 mode 3
Event: 15.115 Thread 0x0000021f6647d2a0 DEOPT PACKING pc=0x0000021f5a0dfd01 sp=0x0000008c7a7feef0
Event: 15.115 Thread 0x0000021f6647d2a0 DEOPT UNPACKING pc=0x0000021f59c82b43 sp=0x0000008c7a7fe380 mode 3
Event: 15.918 Thread 0x0000021f6625c3e0 DEOPT PACKING pc=0x0000021f5a3dd5b5 sp=0x0000008c7affda60
Event: 15.918 Thread 0x0000021f6625c3e0 DEOPT UNPACKING pc=0x0000021f59c82b43 sp=0x0000008c7affcf88 mode 3
Event: 16.178 Thread 0x0000021f6647eea0 DEOPT PACKING pc=0x0000021f5a0dd997 sp=0x0000008c7a9febf0
Event: 16.178 Thread 0x0000021f6647eea0 DEOPT UNPACKING pc=0x0000021f59c82b43 sp=0x0000008c7a9fe048 mode 3
Event: 17.059 Thread 0x0000021f6625c3e0 DEOPT PACKING pc=0x0000021f5a211134 sp=0x0000008c7aff88c0
Event: 17.059 Thread 0x0000021f6625c3e0 DEOPT UNPACKING pc=0x0000021f59c82b43 sp=0x0000008c7aff7d40 mode 3
Event: 24.358 Thread 0x0000021f6626a8c0 DEOPT PACKING pc=0x0000021f5a0c86d2 sp=0x0000008c7a3fce30
Event: 24.358 Thread 0x0000021f6626a8c0 DEOPT UNPACKING pc=0x0000021f59c82b43 sp=0x0000008c7a3fc338 mode 3
Event: 24.680 Thread 0x0000021f6626a8c0 DEOPT PACKING pc=0x0000021f5a6cc52c sp=0x0000008c7a3fe560
Event: 24.680 Thread 0x0000021f6626a8c0 DEOPT UNPACKING pc=0x0000021f59c82b43 sp=0x0000008c7a3fd9f0 mode 0
Event: 141.548 Thread 0x0000021f6625ba40 DEOPT PACKING pc=0x0000021f5a20fad4 sp=0x0000008c7aeff210
Event: 141.548 Thread 0x0000021f6625ba40 DEOPT UNPACKING pc=0x0000021f59c82b43 sp=0x0000008c7aefe6b8 mode 0

Classes unloaded (20 events):
Event: 85.973 Thread 0x0000021f639fc810 Unloading class 0x00000001000d5000 'java/lang/invoke/LambdaForm$MH+0x00000001000d5000'
Event: 85.973 Thread 0x0000021f639fc810 Unloading class 0x00000001000d4c00 'java/lang/invoke/LambdaForm$MH+0x00000001000d4c00'
Event: 85.973 Thread 0x0000021f639fc810 Unloading class 0x00000001000d4800 'java/lang/invoke/LambdaForm$MH+0x00000001000d4800'
Event: 85.973 Thread 0x0000021f639fc810 Unloading class 0x00000001000d4000 'java/lang/invoke/LambdaForm$MH+0x00000001000d4000'
Event: 96.260 Thread 0x0000021f639fc810 Unloading class 0x000000010061b400 'java/lang/invoke/LambdaForm$DMH+0x000000010061b400'
Event: 96.260 Thread 0x0000021f639fc810 Unloading class 0x0000000100619c00 'jdk/internal/reflect/GeneratedConstructorAccessor24'
Event: 96.260 Thread 0x0000021f639fc810 Unloading class 0x0000000100619800 'jdk/internal/reflect/GeneratedConstructorAccessor23'
Event: 96.260 Thread 0x0000021f639fc810 Unloading class 0x0000000100619400 'jdk/internal/reflect/GeneratedConstructorAccessor22'
Event: 96.260 Thread 0x0000021f639fc810 Unloading class 0x0000000100619000 'jdk/internal/reflect/GeneratedConstructorAccessor21'
Event: 96.260 Thread 0x0000021f639fc810 Unloading class 0x0000000100618c00 'jdk/internal/reflect/GeneratedConstructorAccessor20'
Event: 96.260 Thread 0x0000021f639fc810 Unloading class 0x0000000100618800 'jdk/internal/reflect/GeneratedConstructorAccessor19'
Event: 96.260 Thread 0x0000021f639fc810 Unloading class 0x0000000100618400 'jdk/internal/reflect/GeneratedConstructorAccessor18'
Event: 96.260 Thread 0x0000021f639fc810 Unloading class 0x00000001005dc000 'jdk/internal/reflect/GeneratedMethodAccessor26'
Event: 96.260 Thread 0x0000021f639fc810 Unloading class 0x00000001004b8400 'java/lang/invoke/LambdaForm$MH+0x00000001004b8400'
Event: 96.260 Thread 0x0000021f639fc810 Unloading class 0x00000001004b8000 'java/lang/invoke/LambdaForm$MH+0x00000001004b8000'
Event: 96.260 Thread 0x0000021f639fc810 Unloading class 0x00000001004b3c00 'java/lang/invoke/LambdaForm$MH+0x00000001004b3c00'
Event: 96.260 Thread 0x0000021f639fc810 Unloading class 0x00000001004b3800 'java/lang/invoke/LambdaForm$MH+0x00000001004b3800'
Event: 96.260 Thread 0x0000021f639fc810 Unloading class 0x00000001004b3400 'java/lang/invoke/LambdaForm$MH+0x00000001004b3400'
Event: 96.260 Thread 0x0000021f639fc810 Unloading class 0x00000001004b3000 'java/lang/invoke/LambdaForm$MH+0x00000001004b3000'
Event: 96.260 Thread 0x0000021f639fc810 Unloading class 0x0000000100344000 'java/lang/invoke/LambdaForm$MH+0x0000000100344000'

Classes redefined (0 events):
No events

Internal exceptions (20 events):
Event: 23.834 Thread 0x0000021f6625d720 Exception <a 'sun/nio/fs/WindowsException'{0x0000000098ef79a0}> (0x0000000098ef79a0) 
thrown [e:\jenkins\tmp\workspace\build\src\src\hotspot\share\prims\jni.cpp, line 516]
Event: 23.834 Thread 0x0000021f6625d720 Exception <a 'sun/nio/fs/WindowsException'{0x0000000098ef83a8}> (0x0000000098ef83a8) 
thrown [e:\jenkins\tmp\workspace\build\src\src\hotspot\share\prims\jni.cpp, line 516]
Event: 23.835 Thread 0x0000021f6625d720 Exception <a 'sun/nio/fs/WindowsException'{0x0000000098ef8768}> (0x0000000098ef8768) 
thrown [e:\jenkins\tmp\workspace\build\src\src\hotspot\share\prims\jni.cpp, line 516]
Event: 23.835 Thread 0x0000021f6625d720 Exception <a 'sun/nio/fs/WindowsException'{0x0000000098ef9168}> (0x0000000098ef9168) 
thrown [e:\jenkins\tmp\workspace\build\src\src\hotspot\share\prims\jni.cpp, line 516]
Event: 23.835 Thread 0x0000021f6625d720 Exception <a 'sun/nio/fs/WindowsException'{0x0000000098ef9520}> (0x0000000098ef9520) 
thrown [e:\jenkins\tmp\workspace\build\src\src\hotspot\share\prims\jni.cpp, line 516]
Event: 23.835 Thread 0x0000021f6625d720 Exception <a 'sun/nio/fs/WindowsException'{0x0000000098ef9f28}> (0x0000000098ef9f28) 
thrown [e:\jenkins\tmp\workspace\build\src\src\hotspot\share\prims\jni.cpp, line 516]
Event: 23.835 Thread 0x0000021f6625d720 Exception <a 'sun/nio/fs/WindowsException'{0x0000000098efa2e8}> (0x0000000098efa2e8) 
thrown [e:\jenkins\tmp\workspace\build\src\src\hotspot\share\prims\jni.cpp, line 516]
Event: 23.835 Thread 0x0000021f6625d720 Exception <a 'sun/nio/fs/WindowsException'{0x0000000098efad10}> (0x0000000098efad10) 
thrown [e:\jenkins\tmp\workspace\build\src\src\hotspot\share\prims\jni.cpp, line 516]
Event: 23.835 Thread 0x0000021f6625d720 Exception <a 'sun/nio/fs/WindowsException'{0x0000000098efb0f8}> (0x0000000098efb0f8) 
thrown [e:\jenkins\tmp\workspace\build\src\src\hotspot\share\prims\jni.cpp, line 516]
Event: 23.835 Thread 0x0000021f6625d720 Exception <a 'sun/nio/fs/WindowsException'{0x0000000098efbb30}> (0x0000000098efbb30) 
thrown [e:\jenkins\tmp\workspace\build\src\src\hotspot\share\prims\jni.cpp, line 516]
Event: 23.835 Thread 0x0000021f6625d720 Exception <a 'sun/nio/fs/WindowsException'{0x0000000098efbf30}> (0x0000000098efbf30) 
thrown [e:\jenkins\tmp\workspace\build\src\src\hotspot\share\prims\jni.cpp, line 516]
Event: 23.835 Thread 0x0000021f6625d720 Exception <a 'sun/nio/fs/WindowsException'{0x0000000098efc960}> (0x0000000098efc960) 
thrown [e:\jenkins\tmp\workspace\build\src\src\hotspot\share\prims\jni.cpp, line 516]
Event: 23.835 Thread 0x0000021f6625d720 Exception <a 'sun/nio/fs/WindowsException'{0x0000000098efcd50}> (0x0000000098efcd50) 
thrown [e:\jenkins\tmp\workspace\build\src\src\hotspot\share\prims\jni.cpp, line 516]
Event: 24.099 Thread 0x0000021f6626a8c0 Exception <a 'java/lang/NoSuchMethodError'{0x0000000095ef7b98}: 'void java.lang.invoke.DirectMethodHandle$Holder.invokeStatic(java.lang.Object, java.lang.Object, java.lang.Object, java.lang.Object, java.lang.Object, java.lang.Object)'> (0x0000000095ef7b98) 
thrown [e:\jenkins\tmp\workspace\build\src\src\hotspot\share\interpreter\linkResolver.cpp, line 766]
Event: 24.851 Thread 0x0000021f6625ba40 Exception <a 'java/lang/NullPointerException'{0x0000000090c81ef8}> (0x0000000090c81ef8) 
thrown [e:\jenkins\tmp\workspace\build\src\src\hotspot\share\interpreter\linkResolver.cpp, line 1357]
Event: 64.744 Thread 0x0000021f6625ea60 Exception <a 'java/lang/NoSuchMethodError'{0x00000000921fce90}: 'void java.lang.invoke.DirectMethodHandle$Holder.invokeStatic(java.lang.Object, long)'> (0x00000000921fce90) 
thrown [e:\jenkins\tmp\workspace\build\src\src\hotspot\share\interpreter\linkResolver.cpp, line 766]
Event: 64.745 Thread 0x0000021f6625ea60 Exception <a 'java/lang/NoSuchMethodError'{0x0000000090ce8dc8}: 'java.lang.Object java.lang.invoke.DirectMethodHandle$Holder.newInvokeSpecial(java.lang.Object, long)'> (0x0000000090ce8dc8) 
thrown [e:\jenkins\tmp\workspace\build\src\src\hotspot\share\interpreter\linkResolver.cpp, line 766]
Event: 64.747 Thread 0x0000021f6625ea60 Exception <a 'java/lang/NoSuchMethodError'{0x0000000090cef8e8}: 'java.lang.Object java.lang.invoke.DirectMethodHandle$Holder.invokeStatic(java.lang.Object, java.lang.Object, long, java.lang.Object)'> (0x0000000090cef8e8) 
thrown [e:\jenkins\tmp\workspace\build\src\src\hotspot\share\interpreter\linkResolver.cpp, line 766]
Event: 64.748 Thread 0x0000021f6625ea60 Exception <a 'java/lang/NoSuchMethodError'{0x0000000090cf30c0}: 'java.lang.Object java.lang.invoke.DirectMethodHandle$Holder.invokeStaticInit(java.lang.Object, java.lang.Object, long, java.lang.Object)'> (0x0000000090cf30c0) 
thrown [e:\jenkins\tmp\workspace\build\src\src\hotspot\share\interpreter\linkResolver.cpp, line 766]
Event: 64.749 Thread 0x0000021f6625ea60 Exception <a 'java/lang/NoSuchMethodError'{0x0000000090cf93f0}: 'java.lang.Object java.lang.invoke.DirectMethodHandle$Holder.newInvokeSpecial(java.lang.Object, java.lang.Object, long)'> (0x0000000090cf93f0) 
thrown [e:\jenkins\tmp\workspace\build\src\src\hotspot\share\interpreter\linkResolver.cpp, line 766]

VM Operations (20 events):
Event: 239.059 Executing VM operation: G1CollectFull done
Event: 249.265 Executing VM operation: G1CollectFull
Event: 249.316 Executing VM operation: G1CollectFull done
Event: 259.509 Executing VM operation: G1CollectFull
Event: 259.549 Executing VM operation: G1CollectFull done
Event: 269.770 Executing VM operation: G1CollectFull
Event: 269.813 Executing VM operation: G1CollectFull done
Event: 280.044 Executing VM operation: G1CollectFull
Event: 280.089 Executing VM operation: G1CollectFull done
Event: 290.300 Executing VM operation: G1CollectFull
Event: 290.342 Executing VM operation: G1CollectFull done
Event: 300.569 Executing VM operation: G1CollectFull
Event: 300.610 Executing VM operation: G1CollectFull done
Event: 310.851 Executing VM operation: G1CollectFull
Event: 310.891 Executing VM operation: G1CollectFull done
Event: 321.328 Executing VM operation: G1CollectFull
Event: 321.376 Executing VM operation: G1CollectFull done
Event: 331.564 Executing VM operation: G1CollectFull
Event: 331.600 Executing VM operation: G1CollectFull done
Event: 341.717 Executing VM operation: G1CollectFull

Events (20 events):
Event: 34.863 Thread 0x0000021f644b3080 Thread exited: 0x0000021f644b3080
Event: 64.733 loading class java/lang/ProcessBuilder
Event: 64.734 loading class java/lang/ProcessBuilder done
Event: 64.734 loading class java/lang/ProcessImpl
Event: 64.735 loading class java/lang/Process
Event: 64.735 loading class java/lang/Process done
Event: 64.735 loading class java/lang/ProcessImpl done
Event: 64.746 loading class java/lang/ProcessHandleImpl
Event: 64.746 loading class java/lang/ProcessHandle
Event: 64.746 loading class java/lang/ProcessHandle done
Event: 64.746 loading class java/lang/ProcessHandleImpl done
Event: 64.749 loading class java/lang/ProcessImpl$2
Event: 64.749 loading class java/lang/ProcessImpl$2 done
Event: 64.749 loading class java/lang/Process$PipeInputStream
Event: 64.749 loading class java/lang/Process$PipeInputStream done
Event: 64.751 loading class jdk/internal/event/ProcessStartEvent
Event: 64.751 loading class jdk/internal/event/ProcessStartEvent done
Event: 65.033 loading class java/io/FileOutputStream$1
Event: 65.033 loading class java/io/FileOutputStream$1 done
Event: 84.867 Thread 0x0000021f6626a8c0 Thread exited: 0x0000021f6626a8c0


Dynamic libraries:
0x00007ff7b1460000 - 0x00007ff7b146e000 	c:\Users\Usuario\.vscode\extensions\redhat.java-1.8.0-win32-x64\jre\17.0.3-win32-x86_64\bin\java.exe
0x00007ff8e13b0000 - 0x00007ff8e15a7000 	C:\Windows\SYSTEM32\ntdll.dll
0x00007ff8e0850000 - 0x00007ff8e090d000 	C:\Windows\System32\KERNEL32.DLL
0x00007ff8ded10000 - 0x00007ff8defdd000 	C:\Windows\System32\KERNELBASE.dll
0x00007ff8dec10000 - 0x00007ff8ded10000 	C:\Windows\System32\ucrtbase.dll
0x00007ff8c6a20000 - 0x00007ff8c6a39000 	c:\Users\Usuario\.vscode\extensions\redhat.java-1.8.0-win32-x64\jre\17.0.3-win32-x86_64\bin\VCRUNTIME140.dll
0x00007ff8d3ee0000 - 0x00007ff8d3ef8000 	c:\Users\Usuario\.vscode\extensions\redhat.java-1.8.0-win32-x64\jre\17.0.3-win32-x86_64\bin\jli.dll
0x00007ff8e0910000 - 0x00007ff8e0ab0000 	C:\Windows\System32\USER32.dll
0x00007ff8df090000 - 0x00007ff8df0b2000 	C:\Windows\System32\win32u.dll
0x00007ff8c4560000 - 0x00007ff8c47fa000 	C:\Windows\WinSxS\amd64_microsoft.windows.common-controls_6595b64144ccf1df_6.0.19041.1110_none_60b5254171f9507e\COMCTL32.dll
0x00007ff8e0bb0000 - 0x00007ff8e0bda000 	C:\Windows\System32\GDI32.dll
0x00007ff8dffa0000 - 0x00007ff8e003e000 	C:\Windows\System32\msvcrt.dll
0x00007ff8dead0000 - 0x00007ff8debdb000 	C:\Windows\System32\gdi32full.dll
0x00007ff8df110000 - 0x00007ff8df1ad000 	C:\Windows\System32\msvcp_win.dll
0x00007ff8e0ab0000 - 0x00007ff8e0ae0000 	C:\Windows\System32\IMM32.DLL
0x00007ff8d9590000 - 0x00007ff8d959c000 	c:\Users\Usuario\.vscode\extensions\redhat.java-1.8.0-win32-x64\jre\17.0.3-win32-x86_64\bin\vcruntime140_1.dll
0x00007ff8b7810000 - 0x00007ff8b78a1000 	c:\Users\Usuario\.vscode\extensions\redhat.java-1.8.0-win32-x64\jre\17.0.3-win32-x86_64\bin\msvcp140.dll
0x00007ff8a0b40000 - 0x00007ff8a1788000 	c:\Users\Usuario\.vscode\extensions\redhat.java-1.8.0-win32-x64\jre\17.0.3-win32-x86_64\bin\server\jvm.dll
0x00007ff8e0150000 - 0x00007ff8e01fe000 	C:\Windows\System32\ADVAPI32.dll
0x00007ff8e1270000 - 0x00007ff8e130c000 	C:\Windows\System32\sechost.dll
0x00007ff8e03b0000 - 0x00007ff8e04d5000 	C:\Windows\System32\RPCRT4.dll
0x00007ff8e1180000 - 0x00007ff8e1188000 	C:\Windows\System32\PSAPI.DLL
0x00007ff8c8750000 - 0x00007ff8c8777000 	C:\Windows\SYSTEM32\WINMM.dll
0x00007ff8c9b00000 - 0x00007ff8c9b09000 	C:\Windows\SYSTEM32\WSOCK32.dll
0x00007ff8d89a0000 - 0x00007ff8d89aa000 	C:\Windows\SYSTEM32\VERSION.dll
0x00007ff8dfca0000 - 0x00007ff8dfd0b000 	C:\Windows\System32\WS2_32.dll
0x00007ff8dc990000 - 0x00007ff8dc9a2000 	C:\Windows\SYSTEM32\kernel.appcore.dll
0x00007ff8d9510000 - 0x00007ff8d951a000 	c:\Users\Usuario\.vscode\extensions\redhat.java-1.8.0-win32-x64\jre\17.0.3-win32-x86_64\bin\jimage.dll
0x00007ff8c84f0000 - 0x00007ff8c86d4000 	C:\Windows\SYSTEM32\DBGHELP.DLL
0x00007ff8c7ee0000 - 0x00007ff8c7f0c000 	C:\Windows\SYSTEM32\dbgcore.DLL
0x00007ff8df1b0000 - 0x00007ff8df232000 	C:\Windows\System32\bcryptPrimitives.dll
0x00007ff8c2fa0000 - 0x00007ff8c2fc5000 	c:\Users\Usuario\.vscode\extensions\redhat.java-1.8.0-win32-x64\jre\17.0.3-win32-x86_64\bin\java.dll
0x00007ff8c2f60000 - 0x00007ff8c2f78000 	c:\Users\Usuario\.vscode\extensions\redhat.java-1.8.0-win32-x64\jre\17.0.3-win32-x86_64\bin\zip.dll
0x00007ff8df410000 - 0x00007ff8dfb54000 	C:\Windows\System32\SHELL32.dll
0x00007ff8dcb90000 - 0x00007ff8dd324000 	C:\Windows\SYSTEM32\windows.storage.dll
0x00007ff8e04e0000 - 0x00007ff8e0834000 	C:\Windows\System32\combase.dll
0x00007ff8de460000 - 0x00007ff8de48c000 	C:\Windows\SYSTEM32\Wldp.dll
0x00007ff8dfb60000 - 0x00007ff8dfc0d000 	C:\Windows\System32\SHCORE.dll
0x00007ff8dff40000 - 0x00007ff8dff95000 	C:\Windows\System32\shlwapi.dll
0x00007ff8dea10000 - 0x00007ff8dea2f000 	C:\Windows\SYSTEM32\profapi.dll
0x00007ff8be510000 - 0x00007ff8be529000 	C:\Users\Usuario\.vscode\extensions\redhat.java-1.8.0-win32-x64\jre\17.0.3-win32-x86_64\bin\net.dll
0x00007ff8d6610000 - 0x00007ff8d671a000 	C:\Windows\SYSTEM32\WINHTTP.dll
0x00007ff8de170000 - 0x00007ff8de1da000 	C:\Windows\system32\mswsock.dll
0x00007ff8bd470000 - 0x00007ff8bd485000 	C:\Users\Usuario\.vscode\extensions\redhat.java-1.8.0-win32-x64\jre\17.0.3-win32-x86_64\bin\nio.dll
0x00007ff8d7e00000 - 0x00007ff8d7e10000 	c:\Users\Usuario\.vscode\extensions\redhat.java-1.8.0-win32-x64\jre\17.0.3-win32-x86_64\bin\verify.dll
0x00007ff8d6010000 - 0x00007ff8d6019000 	C:\Users\Usuario\.vscode\extensions\redhat.java-1.8.0-win32-x64\jre\17.0.3-win32-x86_64\bin\management.dll
0x00007ff8d4120000 - 0x00007ff8d412b000 	C:\Users\Usuario\.vscode\extensions\redhat.java-1.8.0-win32-x64\jre\17.0.3-win32-x86_64\bin\management_ext.dll
0x00007ff8c1380000 - 0x00007ff8c1397000 	C:\Windows\system32\napinsp.dll
0x00007ff8c1360000 - 0x00007ff8c137b000 	C:\Windows\system32\pnrpnsp.dll
0x00007ff8d92c0000 - 0x00007ff8d92d5000 	C:\Windows\system32\wshbth.dll
0x00007ff8da4b0000 - 0x00007ff8da4cd000 	C:\Windows\system32\NLAapi.dll
0x00007ff8dde70000 - 0x00007ff8ddeab000 	C:\Windows\SYSTEM32\IPHLPAPI.DLL
0x00007ff8ddeb0000 - 0x00007ff8ddf7b000 	C:\Windows\SYSTEM32\DNSAPI.dll
0x00007ff8e0200000 - 0x00007ff8e0208000 	C:\Windows\System32\NSI.dll
0x00007ff8c1340000 - 0x00007ff8c1352000 	C:\Windows\System32\winrnr.dll
0x00007ff8cc350000 - 0x00007ff8cc35a000 	C:\Windows\System32\rasadhlp.dll
0x00007ff8d1090000 - 0x00007ff8d1110000 	C:\Windows\System32\fwpuclnt.dll
0x00007ff8debe0000 - 0x00007ff8dec07000 	C:\Windows\System32\bcrypt.dll
0x00007ff8de320000 - 0x00007ff8de338000 	C:\Windows\SYSTEM32\CRYPTSP.dll
0x00007ff8ddb00000 - 0x00007ff8ddb34000 	C:\Windows\system32\rsaenh.dll
0x00007ff8de9d0000 - 0x00007ff8de9fe000 	C:\Windows\SYSTEM32\USERENV.dll
0x00007ff8de340000 - 0x00007ff8de34c000 	C:\Windows\SYSTEM32\CRYPTBASE.dll
0x00007ff8d6d80000 - 0x00007ff8d6d97000 	C:\Windows\SYSTEM32\dhcpcsvc6.DLL
0x00007ff8d6d60000 - 0x00007ff8d6d7d000 	C:\Windows\SYSTEM32\dhcpcsvc.DLL

dbghelp: loaded successfully - version: 4.0.5 - missing functions: none
symbol engine: initialized successfully - sym options: 0x614 - pdb path: .;c:\Users\Usuario\.vscode\extensions\redhat.java-1.8.0-win32-x64\jre\17.0.3-win32-x86_64\bin;C:\Windows\SYSTEM32;C:\Windows\WinSxS\amd64_microsoft.windows.common-controls_6595b64144ccf1df_6.0.19041.1110_none_60b5254171f9507e;c:\Users\Usuario\.vscode\extensions\redhat.java-1.8.0-win32-x64\jre\17.0.3-win32-x86_64\bin\server

VM Arguments:
jvm_args: --add-modules=ALL-SYSTEM --add-exports=jdk.compiler/com.sun.tools.javac.file=ALL-UNNAMED --add-exports=jdk.compiler/com.sun.tools.javac.util=ALL-UNNAMED --add-exports=jdk.compiler/com.sun.tools.javac.comp=ALL-UNNAMED --add-exports=jdk.compiler/com.sun.tools.javac.main=ALL-UNNAMED --add-exports=jdk.compiler/com.sun.tools.javac.tree=ALL-UNNAMED --add-exports=jdk.compiler/com.sun.tools.javac.code=ALL-UNNAMED -Dsts.lsp.client=vscode -Dsts.log.file=/dev/null -XX:TieredStopAtLevel=1 -Dspring.config.location=file:c:\Users\Usuario\.vscode\extensions\pivotal.vscode-spring-boot-1.36.0\language-server\BOOT-INF\classes\application.properties 
java_command: org.springframework.ide.vscode.boot.app.BootLanguageServerBootApp
java_class_path (initial): c:\Users\Usuario\.vscode\extensions\pivotal.vscode-spring-boot-1.36.0\language-server\BOOT-INF\classes;c:\Users\Usuario\.vscode\extensions\pivotal.vscode-spring-boot-1.36.0\language-server\BOOT-INF\lib\annotations-23.0.0.jar;c:\Users\Usuario\.vscode\extensions\pivotal.vscode-spring-boot-1.36.0\language-server\BOOT-INF\lib\antlr-runtime-3.5.2.jar;c:\Users\Usuario\.vscode\extensions\pivotal.vscode-spring-boot-1.36.0\language-server\BOOT-INF\lib\antlr4-4.9.3.jar;c:\Users\Usuario\.vscode\extensions\pivotal.vscode-spring-boot-1.36.0\language-server\BOOT-INF\lib\antlr4-runtime-4.9.3.jar;c:\Users\Usuario\.vscode\extensions\pivotal.vscode-spring-boot-1.36.0\language-server\BOOT-INF\lib\asm-9.3.jar;c:\Users\Usuario\.vscode\extensions\pivotal.vscode-spring-boot-1.36.0\language-server\BOOT-INF\lib\asm-analysis-9.3.jar;c:\Users\Usuario\.vscode\extensions\pivotal.vscode-spring-boot-1.36.0\language-server\BOOT-INF\lib\asm-tree-9.3.jar;c:\Users\Usuario\.vscode\extensions\pivotal.vscode-spring-boot-1.36.0\language-server\BOOT-INF\lib\asm-util-9.3.jar;c:\Users\Usuario\.vscode\extensions\pivotal.vscode-spring-boot-1.36.0\language-server\BOOT-INF\lib\byte-buddy-1.10.18.jar;c:\Users\Usuario\.vscode\extensions\pivotal.vscode-spring-boot-1.36.0\language-server\BOOT-INF\lib\caffeine-2.8.6.jar;c:\Users\Usuario\.vscode\extensions\pivotal.vscode-spring-boot-1.36.0\language-server\BOOT-INF\lib\checker-qual-3.12.0.jar;c:\Users\Usuario\.vscode\extensions\pivotal.vscode-spring-boot-1.36.0\language-server\BOOT-INF\lib\classgraph-4.8.146.jar;c:\Users\Usuario\.vscode\extensions\pivotal.vscode-spring-boot-1.36.0\language-server\BOOT-INF\lib\commons-codec-1.14.jar;c:\Users\Usuario\.vscode\extensions\pivotal.vscode-spring-boot-1.36.0\language-server\BOOT-INF\lib\commons-compress-1.21.jar;c:\Users\Usuario\.vscode\extensions\pivotal.vscode-spring-boot-1.36.0\language-server\BOOT-INF\lib\commons-exec-1.3.jar;c:\Users\Usuario\.vscode\extensions\pivotal.vscode-spring-boot-1.36.
Launcher Type: SUN_STANDARD

[Global flags]
     intx CICompilerCount                          = 3                                         {product} {ergonomic}
     uint ConcGCThreads                            = 1                                         {product} {ergonomic}
     uint G1ConcRefinementThreads                  = 4                                         {product} {ergonomic}
   size_t G1HeapRegionSize                         = 1048576                                   {product} {ergonomic}
    uintx GCDrainStackTargetSize                   = 64                                        {product} {ergonomic}
   size_t InitialHeapSize                          = 134217728                                 {product} {ergonomic}
   size_t MarkStackSize                            = 4194304                                   {product} {ergonomic}
   size_t MaxHeapSize                              = 2118123520                                {product} {ergonomic}
   size_t MaxNewSize                               = 1270874112                                {product} {ergonomic}
   size_t MinHeapDeltaBytes                        = 1048576                                   {product} {ergonomic}
   size_t MinHeapSize                              = 8388608                                   {product} {ergonomic}
    uintx NonProfiledCodeHeapSize                  = 0                                      {pd product} {ergonomic}
     bool ProfileInterpreter                       = false                                  {pd product} {command line}
    uintx ProfiledCodeHeapSize                     = 0                                      {pd product} {ergonomic}
   size_t SoftMaxHeapSize                          = 2118123520                             {manageable} {ergonomic}
     intx TieredStopAtLevel                        = 1                                         {product} {command line}
     bool UseCompressedClassPointers               = true                           {product lp64_product} {ergonomic}
     bool UseCompressedOops                        = true                           {product lp64_product} {ergonomic}
     bool UseG1GC                                  = true                                      {product} {ergonomic}
     bool UseLargePagesIndividualAllocation        = false                                  {pd product} {ergonomic}

Logging:
Log output configuration:
 #0: stdout all=warning uptime,level,tags
 #1: stderr all=off uptime,level,tags

Environment Variables:
JAVA_HOME=C:\Program Files\Java\jdk-11.0.14
PATH=C:\Program Files\Java\jdk-11.0.14\bin;C:\Program Files\Common Files\Oracle\Java\javapath;C:\Program Files (x86)\Common Files\Oracle\Java\javapath;C:\Windows\system32;C:\Windows;C:\Windows\System32\Wbem;C:\Windows\System32\WindowsPowerShell\v1.0\;C:\Windows\System32\OpenSSH\;C:\Program Files\Git\cmd;C:\Program Files\MATLAB\R2021a\runtime\win64;C:\Program Files\MATLAB\R2021a\bin;C:\Program Files (x86)\dotnet\;C:\Program Files\Microsoft SQL Server\150\Tools\Binn\;C:\Program Files\Microsoft SQL Server\120\Tools\Binn\;C:\Program Files\apache-maven-3.8.5;C:\Program Files\nodejs\;C:\Users\Usuario\AppData\Local\Microsoft\WindowsApps;C:\Program Files\heroku\bin;C:\Users\Usuario\AppData\Roaming\npm;C:\Users\Usuario\AppData\Local\Programs\Microsoft VS Code\bin
USERNAME=Usuario
OS=Windows_NT
PROCESSOR_IDENTIFIER=Intel64 Family 6 Model 78 Stepping 3, GenuineIntel



---------------  S Y S T E M  ---------------

OS:
 Windows 10 , 64 bit Build 19041 (10.0.19041.1741)
OS uptime: 5 days 0:24 hours
Hyper-V role detected

CPU: total 4 (initial active 4) (2 cores per cpu, 2 threads per core) family 6 model 78 stepping 3 microcode 0xcc, cx8, cmov, fxsr, ht, mmx, 3dnowpref, sse, sse2, sse3, ssse3, sse4.1, sse4.2, popcnt, lzcnt, tsc, tscinvbit, avx, avx2, aes, erms, clmul, bmi1, bmi2, rtm, adx, fma, vzeroupper, clflush, clflushopt, hv

Memory: 4k page, system-wide physical 8072M (801M free)
TotalPageFile size 11912M (AvailPageFile size 8M)
current process WorkingSet (physical memory assigned to process): 170M, peak: 496M
current process commit charge ("private bytes"): 199M, peak: 538M

vm_info: OpenJDK 64-Bit Server VM (17.0.3+7) for windows-amd64 JRE (17.0.3+7), built on Apr 19 2022 16:55:35 by "" with MS VC++ 16.7 (VS2019)

END.
