#
# There is insufficient memory for the Java Runtime Environment to continue.
# Native memory allocation (malloc) failed to allocate 1048576 bytes for AllocateHeap
# Possible reasons:
#   The system is out of physical RAM or swap space
#   The process is running with CompressedOops enabled, and the Java Heap may be blocking the growth of the native heap
# Possible solutions:
#   Reduce memory load on the system
#   Increase physical memory or swap space
#   Check if swap backing store is full
#   Decrease Java heap size (-Xmx/-Xms)
#   Decrease number of Java threads
#   Decrease Java thread stack sizes (-Xss)
#   Set larger code cache with -XX:ReservedCodeCacheSize=
#   JVM is running with Unscaled Compressed Oops mode in which the Java heap is
#     placed in the first 4GB address space. The Java Heap base address is the
#     maximum limit for the native heap growth. Please use -XX:HeapBaseMinAddress
#     to set the Java Heap base and to place the Java Heap above 4GB virtual address.
# This output file may be truncated or incomplete.
#
#  Out of Memory Error (allocation.cpp:44), pid=13820, tid=15972
#
# JRE version: OpenJDK Runtime Environment Temurin-17.0.3+7 (17.0.3+7) (build 17.0.3+7)
# Java VM: OpenJDK 64-Bit Server VM Temurin-17.0.3+7 (17.0.3+7, mixed mode, emulated-client, tiered, compressed oops, compressed class ptrs, g1 gc, windows-amd64)
# No core dump will be written. Minidumps are not enabled by default on client versions of Windows
#

---------------  S U M M A R Y ------------

Command Line: --add-modules=ALL-SYSTEM --add-exports=jdk.compiler/com.sun.tools.javac.file=ALL-UNNAMED --add-exports=jdk.compiler/com.sun.tools.javac.util=ALL-UNNAMED --add-exports=jdk.compiler/com.sun.tools.javac.comp=ALL-UNNAMED --add-exports=jdk.compiler/com.sun.tools.javac.main=ALL-UNNAMED --add-exports=jdk.compiler/com.sun.tools.javac.tree=ALL-UNNAMED --add-exports=jdk.compiler/com.sun.tools.javac.code=ALL-UNNAMED -Dsts.lsp.client=vscode -Dsts.log.file=/dev/null -XX:TieredStopAtLevel=1 -Dspring.config.location=file:c:\Users\Usuario\.vscode\extensions\pivotal.vscode-spring-boot-1.36.0\language-server\BOOT-INF\classes\application.properties org.springframework.ide.vscode.boot.app.BootLanguageServerBootApp

Host: Intel(R) Core(TM) i3-6100U CPU @ 2.30GHz, 4 cores, 7G,  Windows 10 , 64 bit Build 19041 (10.0.19041.1741)
Time: Mon Jul 11 17:33:58 2022 Hora est. Pacífico, Sudamérica elapsed time: 3277.577405 seconds (0d 0h 54m 37s)

---------------  T H R E A D  ---------------

Current thread (0x000001f5e6a36f80):  VMThread "VM Thread" [stack: 0x000000a430100000,0x000000a430200000] [id=15972]

Stack: [0x000000a430100000,0x000000a430200000]
Native frames: (J=compiled Java code, j=interpreted, Vv=VM code, C=native code)
V  [jvm.dll+0x675efa]
V  [jvm.dll+0x830a24]
V  [jvm.dll+0x8321ce]
V  [jvm.dll+0x832833]
V  [jvm.dll+0x2454b5]
V  [jvm.dll+0xa6393]
V  [jvm.dll+0x2f55c3]
V  [jvm.dll+0x2f12d0]
V  [jvm.dll+0x2d99b7]
V  [jvm.dll+0x31cac7]
V  [jvm.dll+0x836cdb]
V  [jvm.dll+0x837a14]
V  [jvm.dll+0x837f2c]
V  [jvm.dll+0x838304]
V  [jvm.dll+0x8383d0]
V  [jvm.dll+0x7e0cfa]
V  [jvm.dll+0x674d85]
C  [ucrtbase.dll+0x21bb2]
C  [KERNEL32.DLL+0x17034]
C  [ntdll.dll+0x52651]

VM_Operation (0x000000a4313fefc0): G1CollectFull, mode: safepoint, requested by thread 0x000001f5e945ef90


---------------  P R O C E S S  ---------------

Threads class SMR info:
_java_thread_list=0x000001f5e9b2b410, length=16, elements={
0x000001f5e6a5b740, 0x000001f5e6a5cee0, 0x000001f5e740e1f0, 0x000001f5e6a85dd0,
0x000001f5e6a86690, 0x000001f5e6a86f50, 0x000001f5e6a88870, 0x000001f5e6a8c130,
0x000001f5e75fa660, 0x000001f5e76573c0, 0x000001f5e945ef90, 0x000001f5e94c4a30,
0x000001f5d9feaa30, 0x000001f5e92afea0, 0x000001f5e92b16b0, 0x000001f5e92b2520
}

Java Threads: ( => current thread )
  0x000001f5e6a5b740 JavaThread "Reference Handler" daemon [_thread_blocked, id=12624, stack(0x000000a430200000,0x000000a430300000)]
  0x000001f5e6a5cee0 JavaThread "Finalizer" daemon [_thread_blocked, id=14108, stack(0x000000a430300000,0x000000a430400000)]
  0x000001f5e740e1f0 JavaThread "Signal Dispatcher" daemon [_thread_blocked, id=12964, stack(0x000000a430400000,0x000000a430500000)]
  0x000001f5e6a85dd0 JavaThread "Attach Listener" daemon [_thread_blocked, id=10304, stack(0x000000a430500000,0x000000a430600000)]
  0x000001f5e6a86690 JavaThread "Service Thread" daemon [_thread_blocked, id=11816, stack(0x000000a430600000,0x000000a430700000)]
  0x000001f5e6a86f50 JavaThread "Monitor Deflation Thread" daemon [_thread_blocked, id=11864, stack(0x000000a430700000,0x000000a430800000)]
  0x000001f5e6a88870 JavaThread "C1 CompilerThread0" daemon [_thread_blocked, id=7840, stack(0x000000a430800000,0x000000a430900000)]
  0x000001f5e6a8c130 JavaThread "Sweeper thread" daemon [_thread_blocked, id=15448, stack(0x000000a430900000,0x000000a430a00000)]
  0x000001f5e75fa660 JavaThread "Common-Cleaner" daemon [_thread_blocked, id=5476, stack(0x000000a430a00000,0x000000a430b00000)]
  0x000001f5e76573c0 JavaThread "Notification Thread" daemon [_thread_blocked, id=10440, stack(0x000000a430d00000,0x000000a430e00000)]
  0x000001f5e945ef90 JavaThread "pool-7-thread-1" [_thread_blocked, id=10656, stack(0x000000a431300000,0x000000a431400000)]
  0x000001f5e94c4a30 JavaThread "LanguageServerApp-lifecycle" [_thread_blocked, id=16744, stack(0x000000a431400000,0x000000a431500000)]
  0x000001f5d9feaa30 JavaThread "DestroyJavaVM" [_thread_blocked, id=4000, stack(0x000000a42fb00000,0x000000a42fc00000)]
  0x000001f5e92afea0 JavaThread "pool-8-thread-1" [_thread_in_native, id=12832, stack(0x000000a431d00000,0x000000a431e00000)]
  0x000001f5e92b16b0 JavaThread "Simple-Language-Server main thread" daemon [_thread_blocked, id=12232, stack(0x000000a431f00000,0x000000a432000000)]
  0x000001f5e92b2520 JavaThread "parallel-1" daemon [_thread_blocked, id=1792, stack(0x000000a432000000,0x000000a432100000)]

Other Threads:
=>0x000001f5e6a36f80 VMThread "VM Thread" [stack: 0x000000a430100000,0x000000a430200000] [id=15972]
  0x000001f5e76598a0 WatcherThread [stack: 0x000000a430e00000,0x000000a430f00000] [id=14080]
  0x000001f5da047a70 GCTaskThread "GC Thread#0" [stack: 0x000000a42fc00000,0x000000a42fd00000] [id=8368]
  0x000001f5e7d2aaf0 GCTaskThread "GC Thread#1" [stack: 0x000000a430f00000,0x000000a431000000] [id=1288]
  0x000001f5e7d15fe0 GCTaskThread "GC Thread#2" [stack: 0x000000a431000000,0x000000a431100000] [id=9876]
  0x000001f5e7f7a880 GCTaskThread "GC Thread#3" [stack: 0x000000a431100000,0x000000a431200000] [id=13796]
  0x000001f5da058540 ConcurrentGCThread "G1 Main Marker" [stack: 0x000000a42fd00000,0x000000a42fe00000] [id=16920]
  0x000001f5da058e60 ConcurrentGCThread "G1 Conc#0" [stack: 0x000000a42fe00000,0x000000a42ff00000] [id=2928]
  0x000001f5da0bde80 ConcurrentGCThread "G1 Refine#0" [stack: 0x000000a42ff00000,0x000000a430000000] [id=6228]
  0x000001f5e95ad910 ConcurrentGCThread "G1 Refine#1" [stack: 0x000000a431e00000,0x000000a431f00000] [id=4964]
  0x000001f5e760c9c0 ConcurrentGCThread "G1 Refine#2" [stack: 0x000000a432100000,0x000000a432200000] [id=10964]
  0x000001f5da0be7b0 ConcurrentGCThread "G1 Service" [stack: 0x000000a430000000,0x000000a430100000] [id=10500]

Threads with active compile tasks:

VM state: at safepoint (normal execution)

VM Mutex/Monitor currently owned by a thread:  ([mutex/lock_event])
[0x000001f5d7dfc6b0] Threads_lock - owner thread: 0x000001f5e6a36f80
[0x000001f5d9fe7a30] Heap_lock - owner thread: 0x000001f5e945ef90

Heap address: 0x0000000081c00000, size: 2020 MB, Compressed Oops mode: 32-bit

CDS archive(s) not mapped
Compressed class space mapped at: 0x0000000100000000-0x0000000140000000, reserved size: 1073741824
Narrow klass base: 0x0000000000000000, Narrow klass shift: 3, Narrow klass range: 0x140000000

GC Precious Log:
 CPUs: 4 total, 4 available
 Memory: 8072M
 Large Page Support: Disabled
 NUMA Support: Disabled
 Compressed Oops: Enabled (32-bit)
 Heap Region Size: 1M
 Heap Min Capacity: 8M
 Heap Initial Capacity: 128M
 Heap Max Capacity: 2020M
 Pre-touch: Disabled
 Parallel Workers: 4
 Concurrent Workers: 1
 Concurrent Refinement Workers: 4
 Periodic GC: Disabled

Heap:
 garbage-first heap   total 55296K, used 15128K [0x0000000081c00000, 0x0000000100000000)
  region size 1024K, 1 young (1024K), 0 survivors (0K)
 Metaspace       used 40646K, committed 41088K, reserved 1089536K
  class space    used 5593K, committed 5760K, reserved 1048576K

Heap Regions: E=young(eden), S=young(survivor), O=old, HS=humongous(starts), HC=humongous(continues), CS=collection set, F=free, OA=open archive, CA=closed archive, TAMS=top-at-mark-start (previous, next)
|   0|0x0000000081c00000, 0x0000000081d00000, 0x0000000081d00000|100%| O|  |TAMS 0x0000000081d00000, 0x0000000081c00000| Untracked 
|   1|0x0000000081d00000, 0x0000000081dfffb8, 0x0000000081e00000| 99%| O|  |TAMS 0x0000000081dfffb8, 0x0000000081d00000| Untracked 
|   2|0x0000000081e00000, 0x0000000081f00000, 0x0000000081f00000|100%| O|  |TAMS 0x0000000081f00000, 0x0000000081e00000| Untracked 
|   3|0x0000000081f00000, 0x0000000082000000, 0x0000000082000000|100%| O|  |TAMS 0x0000000082000000, 0x0000000081f00000| Untracked 
|   4|0x0000000082000000, 0x00000000820fffe8, 0x0000000082100000| 99%| O|  |TAMS 0x00000000820fffe8, 0x0000000082000000| Untracked 
|   5|0x0000000082100000, 0x0000000082200000, 0x0000000082200000|100%| O|  |TAMS 0x0000000082200000, 0x0000000082100000| Untracked 
|   6|0x0000000082200000, 0x00000000822fffb8, 0x0000000082300000| 99%| O|  |TAMS 0x00000000822fffb8, 0x0000000082200000| Untracked 
|   7|0x0000000082300000, 0x00000000823fffe8, 0x0000000082400000| 99%| O|  |TAMS 0x00000000823fffe8, 0x0000000082300000| Untracked 
|   8|0x0000000082400000, 0x00000000824fffe8, 0x0000000082500000| 99%| O|  |TAMS 0x00000000824fffe8, 0x0000000082400000| Untracked 
|   9|0x0000000082500000, 0x0000000082600000, 0x0000000082600000|100%| O|  |TAMS 0x0000000082600000, 0x0000000082500000| Untracked 
|  10|0x0000000082600000, 0x00000000826fffe0, 0x0000000082700000| 99%| O|  |TAMS 0x00000000826fffe0, 0x0000000082600000| Untracked 
|  11|0x0000000082700000, 0x00000000827ffff0, 0x0000000082800000| 99%| O|  |TAMS 0x00000000827ffff0, 0x0000000082700000| Untracked 
|  12|0x0000000082800000, 0x00000000828ffff0, 0x0000000082900000| 99%| O|  |TAMS 0x00000000828ffff0, 0x0000000082800000| Untracked 
|  13|0x0000000082900000, 0x00000000829902d0, 0x0000000082a00000| 56%| O|  |TAMS 0x0000000082900000, 0x0000000082900000| Untracked 
|  14|0x0000000082a00000, 0x0000000082afff88, 0x0000000082b00000| 99%| O|  |TAMS 0x0000000082afff88, 0x0000000082a00000| Untracked 
|  15|0x0000000082b00000, 0x0000000082b361e8, 0x0000000082c00000| 21%| O|  |TAMS 0x0000000082b00000, 0x0000000082b00000| Untracked 
|  16|0x0000000082c00000, 0x0000000082c00000, 0x0000000082d00000|  0%| F|  |TAMS 0x0000000082c00000, 0x0000000082c00000| Untracked 
|  17|0x0000000082d00000, 0x0000000082d00000, 0x0000000082e00000|  0%| F|  |TAMS 0x0000000082d00000, 0x0000000082d00000| Untracked 
|  18|0x0000000082e00000, 0x0000000082e00000, 0x0000000082f00000|  0%| F|  |TAMS 0x0000000082e00000, 0x0000000082e00000| Untracked 
|  19|0x0000000082f00000, 0x0000000082f00000, 0x0000000083000000|  0%| F|  |TAMS 0x0000000082f00000, 0x0000000082f00000| Untracked 
|  20|0x0000000083000000, 0x0000000083000000, 0x0000000083100000|  0%| F|  |TAMS 0x0000000083000000, 0x0000000083000000| Untracked 
|  21|0x0000000083100000, 0x0000000083100000, 0x0000000083200000|  0%| F|  |TAMS 0x0000000083100000, 0x0000000083100000| Untracked 
|  22|0x0000000083200000, 0x0000000083200000, 0x0000000083300000|  0%| F|  |TAMS 0x0000000083200000, 0x0000000083200000| Untracked 
|  23|0x0000000083300000, 0x0000000083300000, 0x0000000083400000|  0%| F|  |TAMS 0x0000000083300000, 0x0000000083300000| Untracked 
|  24|0x0000000083400000, 0x0000000083400000, 0x0000000083500000|  0%| F|  |TAMS 0x0000000083400000, 0x0000000083400000| Untracked 
|  25|0x0000000083500000, 0x0000000083500000, 0x0000000083600000|  0%| F|  |TAMS 0x0000000083500000, 0x0000000083500000| Untracked 
|  26|0x0000000083600000, 0x0000000083600000, 0x0000000083700000|  0%| F|  |TAMS 0x0000000083600000, 0x0000000083600000| Untracked 
|  27|0x0000000083700000, 0x0000000083700000, 0x0000000083800000|  0%| F|  |TAMS 0x0000000083700000, 0x0000000083700000| Untracked 
|  28|0x0000000083800000, 0x0000000083800000, 0x0000000083900000|  0%| F|  |TAMS 0x0000000083800000, 0x0000000083800000| Untracked 
|  29|0x0000000083900000, 0x0000000083900000, 0x0000000083a00000|  0%| F|  |TAMS 0x0000000083900000, 0x0000000083900000| Untracked 
|  30|0x0000000083a00000, 0x0000000083a00000, 0x0000000083b00000|  0%| F|  |TAMS 0x0000000083a00000, 0x0000000083a00000| Untracked 
|  31|0x0000000083b00000, 0x0000000083b00000, 0x0000000083c00000|  0%| F|  |TAMS 0x0000000083b00000, 0x0000000083b00000| Untracked 
|  32|0x0000000083c00000, 0x0000000083c00000, 0x0000000083d00000|  0%| F|  |TAMS 0x0000000083c00000, 0x0000000083c00000| Untracked 
|  33|0x0000000083d00000, 0x0000000083d00000, 0x0000000083e00000|  0%| F|  |TAMS 0x0000000083d00000, 0x0000000083d00000| Untracked 
|  34|0x0000000083e00000, 0x0000000083e00000, 0x0000000083f00000|  0%| F|  |TAMS 0x0000000083e00000, 0x0000000083e00000| Untracked 
|  35|0x0000000083f00000, 0x0000000083f00000, 0x0000000084000000|  0%| F|  |TAMS 0x0000000083f00000, 0x0000000083f00000| Untracked 
|  36|0x0000000084000000, 0x0000000084000000, 0x0000000084100000|  0%| F|  |TAMS 0x0000000084000000, 0x0000000084000000| Untracked 
|  37|0x0000000084100000, 0x0000000084100000, 0x0000000084200000|  0%| F|  |TAMS 0x0000000084100000, 0x0000000084100000| Untracked 
|  38|0x0000000084200000, 0x0000000084200000, 0x0000000084300000|  0%| F|  |TAMS 0x0000000084200000, 0x0000000084200000| Untracked 
|  39|0x0000000084300000, 0x0000000084300000, 0x0000000084400000|  0%| F|  |TAMS 0x0000000084300000, 0x0000000084300000| Untracked 
|  40|0x0000000084400000, 0x0000000084400000, 0x0000000084500000|  0%| F|  |TAMS 0x0000000084400000, 0x0000000084400000| Untracked 
|  41|0x0000000084500000, 0x0000000084500000, 0x0000000084600000|  0%| F|  |TAMS 0x0000000084500000, 0x0000000084500000| Untracked 
|  42|0x0000000084600000, 0x0000000084600000, 0x0000000084700000|  0%| F|  |TAMS 0x0000000084600000, 0x0000000084600000| Untracked 
|  43|0x0000000084700000, 0x0000000084700000, 0x0000000084800000|  0%| F|  |TAMS 0x0000000084700000, 0x0000000084700000| Untracked 
|  44|0x0000000084800000, 0x0000000084800000, 0x0000000084900000|  0%| F|  |TAMS 0x0000000084800000, 0x0000000084800000| Untracked 
|  45|0x0000000084900000, 0x0000000084900000, 0x0000000084a00000|  0%| F|  |TAMS 0x0000000084900000, 0x0000000084900000| Untracked 
|  46|0x0000000084a00000, 0x0000000084a00000, 0x0000000084b00000|  0%| F|  |TAMS 0x0000000084a00000, 0x0000000084a00000| Untracked 
|  47|0x0000000084b00000, 0x0000000084b00000, 0x0000000084c00000|  0%| F|  |TAMS 0x0000000084b00000, 0x0000000084b00000| Untracked 
|  48|0x0000000084c00000, 0x0000000084c00000, 0x0000000084d00000|  0%| F|  |TAMS 0x0000000084c00000, 0x0000000084c00000| Untracked 
|  49|0x0000000084d00000, 0x0000000084d00000, 0x0000000084e00000|  0%| F|  |TAMS 0x0000000084d00000, 0x0000000084d00000| Untracked 
|  50|0x0000000084e00000, 0x0000000084e00000, 0x0000000084f00000|  0%| F|  |TAMS 0x0000000084e00000, 0x0000000084e00000| Untracked 
|  51|0x0000000084f00000, 0x0000000084f00000, 0x0000000085000000|  0%| F|  |TAMS 0x0000000084f00000, 0x0000000084f00000| Untracked 
|  52|0x0000000085000000, 0x0000000085000000, 0x0000000085100000|  0%| F|  |TAMS 0x0000000085000000, 0x0000000085000000| Untracked 
|  53|0x0000000085100000, 0x000000008510a680, 0x0000000085200000|  4%| E|  |TAMS 0x0000000085100000, 0x0000000085100000| Complete 

Card table byte_map: [0x000001f5e0070000,0x000001f5e0470000] _byte_map_base: 0x000001f5dfc62000

Marking Bits (Prev, Next): (CMBitMap*) 0x000001f5da047f90, (CMBitMap*) 0x000001f5da047fd0
 Prev Bits: [0x000001f5e0870000, 0x000001f5e2800000)
 Next Bits: [0x000001f5e2800000, 0x000001f5e4790000)

Polling page: 0x000001f5d7dc0000

Metaspace:

Usage:
  Non-class:     34.23 MB used.
      Class:      5.46 MB used.
       Both:     39.69 MB used.

Virtual space:
  Non-class space:       40.00 MB reserved,      34.50 MB ( 86%) committed,  5 nodes.
      Class space:        1.00 GB reserved,       5.62 MB ( <1%) committed,  1 nodes.
             Both:        1.04 GB reserved,      40.12 MB (  4%) committed. 

Chunk freelists:
   Non-Class:  1.12 MB
       Class:  2.45 MB
        Both:  3.56 MB

MaxMetaspaceSize: unlimited
CompressedClassSpaceSize: 1.00 GB
Initial GC threshold: 21.00 MB
Current GC threshold: 66.88 MB
CDS: off
MetaspaceReclaimPolicy: balanced
 - commit_granule_bytes: 65536.
 - commit_granule_words: 8192.
 - virtual_space_node_default_size: 1048576.
 - enlarge_chunks_in_place: 1.
 - new_chunks_are_fully_committed: 0.
 - uncommit_free_chunks: 1.
 - use_allocation_guard: 0.
 - handle_deallocations: 1.


Internal statistics:

num_allocs_failed_limit: 3.
num_arena_births: 376.
num_arena_deaths: 96.
num_vsnodes_births: 6.
num_vsnodes_deaths: 0.
num_space_committed: 642.
num_space_uncommitted: 0.
num_chunks_returned_to_freelist: 114.
num_chunks_taken_from_freelist: 1580.
num_chunk_merges: 37.
num_chunk_splits: 1114.
num_chunks_enlarged: 874.
num_purges: 6.
num_inconsistent_stats: 0.

CodeCache: size=49152Kb used=10060Kb max_used=10968Kb free=39091Kb
 bounds [0x000001f5dcc70000, 0x000001f5dd730000, 0x000001f5dfc70000]
 total_blobs=5831 nmethods=5279 adapters=478
 compilation: enabled
              stopped_count=0, restarted_count=0
 full_count=0

Compilation events (20 events):
Event: 2661.281 Thread 0x000001f5e6a88870 5269   !   1       java.lang.ProcessImpl::<init> (327 bytes)
Event: 2661.291 Thread 0x000001f5e6a88870 nmethod 5269 0x000001f5dce0b790 code [0x000001f5dce0bba0, 0x000001f5dce0ce28]
Event: 2661.291 Thread 0x000001f5e6a88870 5270       1       java.lang.Process::<init> (5 bytes)
Event: 2661.292 Thread 0x000001f5e6a88870 nmethod 5270 0x000001f5dce0b490 code [0x000001f5dce0b620, 0x000001f5dce0b6d8]
Event: 2661.292 Thread 0x000001f5e6a88870 5272       1       java.lang.invoke.Invokers$Holder::linkToTargetMethod (9 bytes)
Event: 2661.292 Thread 0x000001f5e6a88870 nmethod 5272 0x000001f5dce0b110 code [0x000001f5dce0b2c0, 0x000001f5dce0b3d8]
Event: 2661.292 Thread 0x000001f5e6a88870 5273       1       java.lang.invoke.LambdaForm$DMH/0x0000000100598c00::newInvokeSpecial (23 bytes)
Event: 2661.293 Thread 0x000001f5e6a88870 nmethod 5273 0x000001f5dce0ac90 code [0x000001f5dce0ae40, 0x000001f5dce0afc8]
Event: 2661.459 Thread 0x000001f5e6a88870 5274   !   1       java.io.FilterOutputStream::close (183 bytes)
Event: 2661.487 Thread 0x000001f5e6a88870 nmethod 5274 0x000001f5dce09f10 code [0x000001f5dce0a120, 0x000001f5dce0a5f8]
Event: 2661.487 Thread 0x000001f5e6a88870 5279       1       java.lang.ProcessImpl$$Lambda$521/0x000000010027a4e0::run (8 bytes)
Event: 2661.487 Thread 0x000001f5e6a88870 nmethod 5279 0x000001f5dce09c10 code [0x000001f5dce09da0, 0x000001f5dce09e88]
Event: 2661.487 Thread 0x000001f5e6a88870 5280       1       java.lang.ProcessImpl::lambda$new$0 (6 bytes)
Event: 2661.487 Thread 0x000001f5e6a88870 nmethod 5280 0x000001f5dce09910 code [0x000001f5dce09aa0, 0x000001f5dce09b68]
Event: 2661.487 Thread 0x000001f5e6a88870 5275   !   1       java.io.FileOutputStream::close (69 bytes)
Event: 2661.487 Thread 0x000001f5e6a88870 nmethod 5275 0x000001f5dce09290 code [0x000001f5dce09460, 0x000001f5dce097d8]
Event: 2661.487 Thread 0x000001f5e6a88870 5276       1       java.io.FileOutputStream$1::<init> (10 bytes)
Event: 2661.487 Thread 0x000001f5e6a88870 nmethod 5276 0x000001f5dce08f90 code [0x000001f5dce09120, 0x000001f5dce09238]
Event: 2661.487 Thread 0x000001f5e6a88870 5277       1       java.io.FileOutputStream$1::close (11 bytes)
Event: 2661.488 Thread 0x000001f5e6a88870 nmethod 5277 0x000001f5dce08910 code [0x000001f5dce08ac0, 0x000001f5dce08dd8]

GC Heap History (20 events):
Event: 3174.491 GC heap before
{Heap before GC invocations=341 (full 305):
 garbage-first heap   total 55296K, used 15128K [0x0000000081c00000, 0x0000000100000000)
  region size 1024K, 1 young (1024K), 0 survivors (0K)
 Metaspace       used 40646K, committed 41088K, reserved 1089536K
  class space    used 5593K, committed 5760K, reserved 1048576K
}
Event: 3174.526 GC heap after
{Heap after GC invocations=342 (full 306):
 garbage-first heap   total 55296K, used 15128K [0x0000000081c00000, 0x0000000100000000)
  region size 1024K, 0 young (0K), 0 survivors (0K)
 Metaspace       used 40646K, committed 41088K, reserved 1089536K
  class space    used 5593K, committed 5760K, reserved 1048576K
}
Event: 3184.711 GC heap before
{Heap before GC invocations=342 (full 306):
 garbage-first heap   total 55296K, used 15128K [0x0000000081c00000, 0x0000000100000000)
  region size 1024K, 1 young (1024K), 0 survivors (0K)
 Metaspace       used 40646K, committed 41088K, reserved 1089536K
  class space    used 5593K, committed 5760K, reserved 1048576K
}
Event: 3184.749 GC heap after
{Heap after GC invocations=343 (full 307):
 garbage-first heap   total 55296K, used 15128K [0x0000000081c00000, 0x0000000100000000)
  region size 1024K, 0 young (0K), 0 survivors (0K)
 Metaspace       used 40646K, committed 41088K, reserved 1089536K
  class space    used 5593K, committed 5760K, reserved 1048576K
}
Event: 3194.945 GC heap before
{Heap before GC invocations=343 (full 307):
 garbage-first heap   total 55296K, used 15128K [0x0000000081c00000, 0x0000000100000000)
  region size 1024K, 1 young (1024K), 0 survivors (0K)
 Metaspace       used 40646K, committed 41088K, reserved 1089536K
  class space    used 5593K, committed 5760K, reserved 1048576K
}
Event: 3194.978 GC heap after
{Heap after GC invocations=344 (full 308):
 garbage-first heap   total 55296K, used 15128K [0x0000000081c00000, 0x0000000100000000)
  region size 1024K, 0 young (0K), 0 survivors (0K)
 Metaspace       used 40646K, committed 41088K, reserved 1089536K
  class space    used 5593K, committed 5760K, reserved 1048576K
}
Event: 3205.221 GC heap before
{Heap before GC invocations=344 (full 308):
 garbage-first heap   total 55296K, used 15128K [0x0000000081c00000, 0x0000000100000000)
  region size 1024K, 1 young (1024K), 0 survivors (0K)
 Metaspace       used 40646K, committed 41088K, reserved 1089536K
  class space    used 5593K, committed 5760K, reserved 1048576K
}
Event: 3205.252 GC heap after
{Heap after GC invocations=345 (full 309):
 garbage-first heap   total 55296K, used 15128K [0x0000000081c00000, 0x0000000100000000)
  region size 1024K, 0 young (0K), 0 survivors (0K)
 Metaspace       used 40646K, committed 41088K, reserved 1089536K
  class space    used 5593K, committed 5760K, reserved 1048576K
}
Event: 3215.607 GC heap before
{Heap before GC invocations=345 (full 309):
 garbage-first heap   total 55296K, used 15128K [0x0000000081c00000, 0x0000000100000000)
  region size 1024K, 1 young (1024K), 0 survivors (0K)
 Metaspace       used 40646K, committed 41088K, reserved 1089536K
  class space    used 5593K, committed 5760K, reserved 1048576K
}
Event: 3215.635 GC heap after
{Heap after GC invocations=346 (full 310):
 garbage-first heap   total 55296K, used 15128K [0x0000000081c00000, 0x0000000100000000)
  region size 1024K, 0 young (0K), 0 survivors (0K)
 Metaspace       used 40646K, committed 41088K, reserved 1089536K
  class space    used 5593K, committed 5760K, reserved 1048576K
}
Event: 3225.826 GC heap before
{Heap before GC invocations=346 (full 310):
 garbage-first heap   total 55296K, used 15128K [0x0000000081c00000, 0x0000000100000000)
  region size 1024K, 1 young (1024K), 0 survivors (0K)
 Metaspace       used 40646K, committed 41088K, reserved 1089536K
  class space    used 5593K, committed 5760K, reserved 1048576K
}
Event: 3225.856 GC heap after
{Heap after GC invocations=347 (full 311):
 garbage-first heap   total 55296K, used 15128K [0x0000000081c00000, 0x0000000100000000)
  region size 1024K, 0 young (0K), 0 survivors (0K)
 Metaspace       used 40646K, committed 41088K, reserved 1089536K
  class space    used 5593K, committed 5760K, reserved 1048576K
}
Event: 3236.455 GC heap before
{Heap before GC invocations=347 (full 311):
 garbage-first heap   total 55296K, used 15128K [0x0000000081c00000, 0x0000000100000000)
  region size 1024K, 1 young (1024K), 0 survivors (0K)
 Metaspace       used 40646K, committed 41088K, reserved 1089536K
  class space    used 5593K, committed 5760K, reserved 1048576K
}
Event: 3236.499 GC heap after
{Heap after GC invocations=348 (full 312):
 garbage-first heap   total 55296K, used 15128K [0x0000000081c00000, 0x0000000100000000)
  region size 1024K, 0 young (0K), 0 survivors (0K)
 Metaspace       used 40646K, committed 41088K, reserved 1089536K
  class space    used 5593K, committed 5760K, reserved 1048576K
}
Event: 3246.691 GC heap before
{Heap before GC invocations=348 (full 312):
 garbage-first heap   total 55296K, used 15128K [0x0000000081c00000, 0x0000000100000000)
  region size 1024K, 1 young (1024K), 0 survivors (0K)
 Metaspace       used 40646K, committed 41088K, reserved 1089536K
  class space    used 5593K, committed 5760K, reserved 1048576K
}
Event: 3246.735 GC heap after
{Heap after GC invocations=349 (full 313):
 garbage-first heap   total 55296K, used 15128K [0x0000000081c00000, 0x0000000100000000)
  region size 1024K, 0 young (0K), 0 survivors (0K)
 Metaspace       used 40646K, committed 41088K, reserved 1089536K
  class space    used 5593K, committed 5760K, reserved 1048576K
}
Event: 3257.126 GC heap before
{Heap before GC invocations=349 (full 313):
 garbage-first heap   total 55296K, used 15128K [0x0000000081c00000, 0x0000000100000000)
  region size 1024K, 1 young (1024K), 0 survivors (0K)
 Metaspace       used 40646K, committed 41088K, reserved 1089536K
  class space    used 5593K, committed 5760K, reserved 1048576K
}
Event: 3257.166 GC heap after
{Heap after GC invocations=350 (full 314):
 garbage-first heap   total 55296K, used 15128K [0x0000000081c00000, 0x0000000100000000)
  region size 1024K, 0 young (0K), 0 survivors (0K)
 Metaspace       used 40646K, committed 41088K, reserved 1089536K
  class space    used 5593K, committed 5760K, reserved 1048576K
}
Event: 3267.498 GC heap before
{Heap before GC invocations=350 (full 314):
 garbage-first heap   total 55296K, used 15128K [0x0000000081c00000, 0x0000000100000000)
  region size 1024K, 1 young (1024K), 0 survivors (0K)
 Metaspace       used 40646K, committed 41088K, reserved 1089536K
  class space    used 5593K, committed 5760K, reserved 1048576K
}
Event: 3267.542 GC heap after
{Heap after GC invocations=351 (full 315):
 garbage-first heap   total 55296K, used 15128K [0x0000000081c00000, 0x0000000100000000)
  region size 1024K, 0 young (0K), 0 survivors (0K)
 Metaspace       used 40646K, committed 41088K, reserved 1089536K
  class space    used 5593K, committed 5760K, reserved 1048576K
}

Deoptimization events (18 events):
Event: 2.091 Thread 0x000001f5d9feaa30 DEOPT PACKING pc=0x000001f5dd0077f5 sp=0x000000a42fbfdd30
Event: 2.091 Thread 0x000001f5d9feaa30 DEOPT UNPACKING pc=0x000001f5dccc2b43 sp=0x000000a42fbfd1a0 mode 3
Event: 3.978 Thread 0x000001f5d9feaa30 DEOPT PACKING pc=0x000001f5dd11fa99 sp=0x000000a42fbfd5a0
Event: 3.978 Thread 0x000001f5d9feaa30 DEOPT UNPACKING pc=0x000001f5dccc2b43 sp=0x000000a42fbfca80 mode 3
Event: 4.545 Thread 0x000001f5d9feaa30 DEOPT PACKING pc=0x000001f5dd1f19f5 sp=0x000000a42fbfe540
Event: 4.545 Thread 0x000001f5d9feaa30 DEOPT UNPACKING pc=0x000001f5dccc2b43 sp=0x000000a42fbfd998 mode 3
Event: 5.540 Thread 0x000001f5d9feaa30 DEOPT PACKING pc=0x000001f5dd289899 sp=0x000000a42fbfcb10
Event: 5.540 Thread 0x000001f5d9feaa30 DEOPT UNPACKING pc=0x000001f5dccc2b43 sp=0x000000a42fbfbff0 mode 3
Event: 5.685 Thread 0x000001f5e93d7250 DEOPT PACKING pc=0x000001f5dd2e3f2b sp=0x000000a4312fe730
Event: 5.685 Thread 0x000001f5e93d7250 DEOPT UNPACKING pc=0x000001f5dccc2b43 sp=0x000000a4312fdc78 mode 3
Event: 6.240 Thread 0x000001f5e92b0d10 DEOPT PACKING pc=0x000001f5dd11de81 sp=0x000000a431afeb90
Event: 6.240 Thread 0x000001f5e92b0d10 DEOPT UNPACKING pc=0x000001f5dccc2b43 sp=0x000000a431afe020 mode 3
Event: 6.381 Thread 0x000001f5e92b16b0 DEOPT PACKING pc=0x000001f5dd41b6b5 sp=0x000000a431ffdc90
Event: 6.381 Thread 0x000001f5e92b16b0 DEOPT UNPACKING pc=0x000001f5dccc2b43 sp=0x000000a431ffd1b8 mode 3
Event: 13.619 Thread 0x000001f5e93d7250 DEOPT PACKING pc=0x000001f5dd106252 sp=0x000000a4312fcd40
Event: 13.620 Thread 0x000001f5e93d7250 DEOPT UNPACKING pc=0x000001f5dccc2b43 sp=0x000000a4312fc248 mode 3
Event: 14.405 Thread 0x000001f5e93d7250 DEOPT PACKING pc=0x000001f5dd6a582c sp=0x000000a4312fe470
Event: 14.405 Thread 0x000001f5e93d7250 DEOPT UNPACKING pc=0x000001f5dccc2b43 sp=0x000000a4312fd900 mode 0

Classes unloaded (20 events):
Event: 66.928 Thread 0x000001f5e6a36f80 Unloading class 0x00000001000d5000 'java/lang/invoke/LambdaForm$MH+0x00000001000d5000'
Event: 66.928 Thread 0x000001f5e6a36f80 Unloading class 0x00000001000d4c00 'java/lang/invoke/LambdaForm$MH+0x00000001000d4c00'
Event: 66.928 Thread 0x000001f5e6a36f80 Unloading class 0x00000001000d4800 'java/lang/invoke/LambdaForm$MH+0x00000001000d4800'
Event: 77.156 Thread 0x000001f5e6a36f80 Unloading class 0x0000000100599000 'java/lang/invoke/LambdaForm$DMH+0x0000000100599000'
Event: 77.156 Thread 0x000001f5e6a36f80 Unloading class 0x0000000100598000 'java/lang/invoke/LambdaForm$MH+0x0000000100598000'
Event: 77.156 Thread 0x000001f5e6a36f80 Unloading class 0x0000000100593c00 'java/lang/invoke/LambdaForm$MH+0x0000000100593c00'
Event: 77.156 Thread 0x000001f5e6a36f80 Unloading class 0x0000000100593800 'java/lang/invoke/LambdaForm$MH+0x0000000100593800'
Event: 77.156 Thread 0x000001f5e6a36f80 Unloading class 0x0000000100593400 'java/lang/invoke/LambdaForm$MH+0x0000000100593400'
Event: 77.156 Thread 0x000001f5e6a36f80 Unloading class 0x0000000100593000 'java/lang/invoke/LambdaForm$MH+0x0000000100593000'
Event: 77.156 Thread 0x000001f5e6a36f80 Unloading class 0x0000000100592c00 'java/lang/invoke/LambdaForm$MH+0x0000000100592c00'
Event: 77.156 Thread 0x000001f5e6a36f80 Unloading class 0x0000000100591c00 'jdk/internal/reflect/GeneratedConstructorAccessor23'
Event: 77.156 Thread 0x000001f5e6a36f80 Unloading class 0x0000000100591800 'jdk/internal/reflect/GeneratedConstructorAccessor22'
Event: 77.156 Thread 0x000001f5e6a36f80 Unloading class 0x0000000100591400 'jdk/internal/reflect/GeneratedConstructorAccessor21'
Event: 77.156 Thread 0x000001f5e6a36f80 Unloading class 0x0000000100591000 'jdk/internal/reflect/GeneratedConstructorAccessor20'
Event: 77.156 Thread 0x000001f5e6a36f80 Unloading class 0x0000000100590c00 'jdk/internal/reflect/GeneratedConstructorAccessor19'
Event: 77.156 Thread 0x000001f5e6a36f80 Unloading class 0x0000000100590800 'jdk/internal/reflect/GeneratedConstructorAccessor18'
Event: 77.156 Thread 0x000001f5e6a36f80 Unloading class 0x0000000100590400 'jdk/internal/reflect/GeneratedConstructorAccessor17'
Event: 77.156 Thread 0x000001f5e6a36f80 Unloading class 0x0000000100554000 'jdk/internal/reflect/GeneratedMethodAccessor26'
Event: 77.156 Thread 0x000001f5e6a36f80 Unloading class 0x0000000100341400 'java/lang/invoke/LambdaForm$MH+0x0000000100341400'
Event: 77.156 Thread 0x000001f5e6a36f80 Unloading class 0x00000001000d4000 'java/lang/invoke/LambdaForm$MH+0x00000001000d4000'

Classes redefined (0 events):
No events

Internal exceptions (20 events):
Event: 12.955 Thread 0x000001f5e952c040 Exception <a 'sun/nio/fs/WindowsException'{0x000000008dd791c8}> (0x000000008dd791c8) 
thrown [e:\jenkins\tmp\workspace\build\src\src\hotspot\share\prims\jni.cpp, line 516]
Event: 12.955 Thread 0x000001f5e952c040 Exception <a 'sun/nio/fs/WindowsException'{0x000000008dd79588}> (0x000000008dd79588) 
thrown [e:\jenkins\tmp\workspace\build\src\src\hotspot\share\prims\jni.cpp, line 516]
Event: 12.955 Thread 0x000001f5e952c040 Exception <a 'sun/nio/fs/WindowsException'{0x000000008dd79f88}> (0x000000008dd79f88) 
thrown [e:\jenkins\tmp\workspace\build\src\src\hotspot\share\prims\jni.cpp, line 516]
Event: 12.955 Thread 0x000001f5e952c040 Exception <a 'sun/nio/fs/WindowsException'{0x000000008dd7a340}> (0x000000008dd7a340) 
thrown [e:\jenkins\tmp\workspace\build\src\src\hotspot\share\prims\jni.cpp, line 516]
Event: 12.955 Thread 0x000001f5e952c040 Exception <a 'sun/nio/fs/WindowsException'{0x000000008dd7ad48}> (0x000000008dd7ad48) 
thrown [e:\jenkins\tmp\workspace\build\src\src\hotspot\share\prims\jni.cpp, line 516]
Event: 12.955 Thread 0x000001f5e952c040 Exception <a 'sun/nio/fs/WindowsException'{0x000000008dd7b108}> (0x000000008dd7b108) 
thrown [e:\jenkins\tmp\workspace\build\src\src\hotspot\share\prims\jni.cpp, line 516]
Event: 12.955 Thread 0x000001f5e952c040 Exception <a 'sun/nio/fs/WindowsException'{0x000000008dd7bb30}> (0x000000008dd7bb30) 
thrown [e:\jenkins\tmp\workspace\build\src\src\hotspot\share\prims\jni.cpp, line 516]
Event: 12.956 Thread 0x000001f5e952c040 Exception <a 'sun/nio/fs/WindowsException'{0x000000008dd7bf18}> (0x000000008dd7bf18) 
thrown [e:\jenkins\tmp\workspace\build\src\src\hotspot\share\prims\jni.cpp, line 516]
Event: 12.956 Thread 0x000001f5e952c040 Exception <a 'sun/nio/fs/WindowsException'{0x000000008dd7c950}> (0x000000008dd7c950) 
thrown [e:\jenkins\tmp\workspace\build\src\src\hotspot\share\prims\jni.cpp, line 516]
Event: 12.956 Thread 0x000001f5e952c040 Exception <a 'sun/nio/fs/WindowsException'{0x000000008dd7cd50}> (0x000000008dd7cd50) 
thrown [e:\jenkins\tmp\workspace\build\src\src\hotspot\share\prims\jni.cpp, line 516]
Event: 12.956 Thread 0x000001f5e952c040 Exception <a 'sun/nio/fs/WindowsException'{0x000000008dd7d780}> (0x000000008dd7d780) 
thrown [e:\jenkins\tmp\workspace\build\src\src\hotspot\share\prims\jni.cpp, line 516]
Event: 12.956 Thread 0x000001f5e952c040 Exception <a 'sun/nio/fs/WindowsException'{0x000000008dd7db70}> (0x000000008dd7db70) 
thrown [e:\jenkins\tmp\workspace\build\src\src\hotspot\share\prims\jni.cpp, line 516]
Event: 13.285 Thread 0x000001f5e93d7250 Exception <a 'java/lang/NoSuchMethodError'{0x0000000095d6e7d0}: 'void java.lang.invoke.DirectMethodHandle$Holder.invokeStatic(java.lang.Object, java.lang.Object, java.lang.Object, java.lang.Object, java.lang.Object, java.lang.Object)'> (0x0000000095d6e7d0) 
thrown [e:\jenkins\tmp\workspace\build\src\src\hotspot\share\interpreter\linkResolver.cpp, line 766]
Event: 15.084 Thread 0x000001f5e93d7250 Exception <a 'java/lang/NullPointerException'{0x0000000090c56430}> (0x0000000090c56430) 
thrown [e:\jenkins\tmp\workspace\build\src\src\hotspot\share\interpreter\linkResolver.cpp, line 1357]
Event: 45.843 Thread 0x000001f5e945ef90 Exception <a 'java/lang/NoSuchMethodError'{0x0000000090cc9de8}: 'void java.lang.invoke.DirectMethodHandle$Holder.invokeStatic(java.lang.Object, long)'> (0x0000000090cc9de8) 
thrown [e:\jenkins\tmp\workspace\build\src\src\hotspot\share\interpreter\linkResolver.cpp, line 766]
Event: 45.844 Thread 0x000001f5e945ef90 Exception <a 'java/lang/NoSuchMethodError'{0x0000000090ccf190}: 'java.lang.Object java.lang.invoke.DirectMethodHandle$Holder.newInvokeSpecial(java.lang.Object, long)'> (0x0000000090ccf190) 
thrown [e:\jenkins\tmp\workspace\build\src\src\hotspot\share\interpreter\linkResolver.cpp, line 766]
Event: 45.846 Thread 0x000001f5e945ef90 Exception <a 'java/lang/NoSuchMethodError'{0x0000000090cd5cb0}: 'java.lang.Object java.lang.invoke.DirectMethodHandle$Holder.invokeStatic(java.lang.Object, java.lang.Object, long, java.lang.Object)'> (0x0000000090cd5cb0) 
thrown [e:\jenkins\tmp\workspace\build\src\src\hotspot\share\interpreter\linkResolver.cpp, line 766]
Event: 45.846 Thread 0x000001f5e945ef90 Exception <a 'java/lang/NoSuchMethodError'{0x0000000090cd9488}: 'java.lang.Object java.lang.invoke.DirectMethodHandle$Holder.invokeStaticInit(java.lang.Object, java.lang.Object, long, java.lang.Object)'> (0x0000000090cd9488) 
thrown [e:\jenkins\tmp\workspace\build\src\src\hotspot\share\interpreter\linkResolver.cpp, line 766]
Event: 45.847 Thread 0x000001f5e945ef90 Exception <a 'java/lang/NoSuchMethodError'{0x0000000090cdf7b8}: 'java.lang.Object java.lang.invoke.DirectMethodHandle$Holder.newInvokeSpecial(java.lang.Object, java.lang.Object, long)'> (0x0000000090cdf7b8) 
thrown [e:\jenkins\tmp\workspace\build\src\src\hotspot\share\interpreter\linkResolver.cpp, line 766]
Event: 45.847 Thread 0x000001f5e945ef90 Exception <a 'java/lang/NoSuchMethodError'{0x0000000090ce3328}: 'java.lang.Object java.lang.invoke.Invokers$Holder.linkToTargetMethod(java.lang.Object, long, java.lang.Object)'> (0x0000000090ce3328) 
thrown [e:\jenkins\tmp\workspace\build\src\src\hotspot\share\interpreter\linkResolver.cpp, line 766]

VM Operations (20 events):
Event: 3174.526 Executing VM operation: G1CollectFull done
Event: 3184.711 Executing VM operation: G1CollectFull
Event: 3184.749 Executing VM operation: G1CollectFull done
Event: 3194.945 Executing VM operation: G1CollectFull
Event: 3194.978 Executing VM operation: G1CollectFull done
Event: 3205.221 Executing VM operation: G1CollectFull
Event: 3205.252 Executing VM operation: G1CollectFull done
Event: 3215.607 Executing VM operation: G1CollectFull
Event: 3215.635 Executing VM operation: G1CollectFull done
Event: 3225.826 Executing VM operation: G1CollectFull
Event: 3225.856 Executing VM operation: G1CollectFull done
Event: 3236.454 Executing VM operation: G1CollectFull
Event: 3236.499 Executing VM operation: G1CollectFull done
Event: 3246.691 Executing VM operation: G1CollectFull
Event: 3246.735 Executing VM operation: G1CollectFull done
Event: 3257.126 Executing VM operation: G1CollectFull
Event: 3257.166 Executing VM operation: G1CollectFull done
Event: 3267.498 Executing VM operation: G1CollectFull
Event: 3267.542 Executing VM operation: G1CollectFull done
Event: 3277.572 Executing VM operation: G1CollectFull

Events (20 events):
Event: 20.095 Thread 0x000001f5e760aec0 Thread exited: 0x000001f5e760aec0
Event: 45.773 loading class java/lang/ProcessBuilder
Event: 45.773 loading class java/lang/ProcessBuilder done
Event: 45.774 loading class java/lang/ProcessImpl
Event: 45.774 loading class java/lang/Process
Event: 45.774 loading class java/lang/Process done
Event: 45.774 loading class java/lang/ProcessImpl done
Event: 45.844 loading class java/lang/ProcessHandleImpl
Event: 45.845 loading class java/lang/ProcessHandle
Event: 45.845 loading class java/lang/ProcessHandle done
Event: 45.845 loading class java/lang/ProcessHandleImpl done
Event: 45.848 loading class java/lang/ProcessImpl$2
Event: 45.848 loading class java/lang/ProcessImpl$2 done
Event: 45.848 loading class java/lang/Process$PipeInputStream
Event: 45.848 loading class java/lang/Process$PipeInputStream done
Event: 45.850 loading class jdk/internal/event/ProcessStartEvent
Event: 45.850 loading class jdk/internal/event/ProcessStartEvent done
Event: 46.443 loading class java/io/FileOutputStream$1
Event: 46.443 loading class java/io/FileOutputStream$1 done
Event: 75.088 Thread 0x000001f5e93d7250 Thread exited: 0x000001f5e93d7250


Dynamic libraries:
0x00007ff7b1460000 - 0x00007ff7b146e000 	c:\Users\Usuario\.vscode\extensions\redhat.java-1.8.0-win32-x64\jre\17.0.3-win32-x86_64\bin\java.exe
0x00007ff8e13b0000 - 0x00007ff8e15a7000 	C:\Windows\SYSTEM32\ntdll.dll
0x00007ff8e0850000 - 0x00007ff8e090d000 	C:\Windows\System32\KERNEL32.DLL
0x00007ff8ded10000 - 0x00007ff8defdd000 	C:\Windows\System32\KERNELBASE.dll
0x00007ff8dec10000 - 0x00007ff8ded10000 	C:\Windows\System32\ucrtbase.dll
0x00007ff8c6a20000 - 0x00007ff8c6a39000 	c:\Users\Usuario\.vscode\extensions\redhat.java-1.8.0-win32-x64\jre\17.0.3-win32-x86_64\bin\VCRUNTIME140.dll
0x00007ff8d3ee0000 - 0x00007ff8d3ef8000 	c:\Users\Usuario\.vscode\extensions\redhat.java-1.8.0-win32-x64\jre\17.0.3-win32-x86_64\bin\jli.dll
0x00007ff8c4560000 - 0x00007ff8c47fa000 	C:\Windows\WinSxS\amd64_microsoft.windows.common-controls_6595b64144ccf1df_6.0.19041.1110_none_60b5254171f9507e\COMCTL32.dll
0x00007ff8e0910000 - 0x00007ff8e0ab0000 	C:\Windows\System32\USER32.dll
0x00007ff8dffa0000 - 0x00007ff8e003e000 	C:\Windows\System32\msvcrt.dll
0x00007ff8df090000 - 0x00007ff8df0b2000 	C:\Windows\System32\win32u.dll
0x00007ff8e0bb0000 - 0x00007ff8e0bda000 	C:\Windows\System32\GDI32.dll
0x00007ff8dead0000 - 0x00007ff8debdb000 	C:\Windows\System32\gdi32full.dll
0x00007ff8df110000 - 0x00007ff8df1ad000 	C:\Windows\System32\msvcp_win.dll
0x00007ff8e0ab0000 - 0x00007ff8e0ae0000 	C:\Windows\System32\IMM32.DLL
0x00007ff8d9590000 - 0x00007ff8d959c000 	c:\Users\Usuario\.vscode\extensions\redhat.java-1.8.0-win32-x64\jre\17.0.3-win32-x86_64\bin\vcruntime140_1.dll
0x00007ff8b7810000 - 0x00007ff8b78a1000 	c:\Users\Usuario\.vscode\extensions\redhat.java-1.8.0-win32-x64\jre\17.0.3-win32-x86_64\bin\msvcp140.dll
0x00007ff8a0b40000 - 0x00007ff8a1788000 	c:\Users\Usuario\.vscode\extensions\redhat.java-1.8.0-win32-x64\jre\17.0.3-win32-x86_64\bin\server\jvm.dll
0x00007ff8e0150000 - 0x00007ff8e01fe000 	C:\Windows\System32\ADVAPI32.dll
0x00007ff8e1270000 - 0x00007ff8e130c000 	C:\Windows\System32\sechost.dll
0x00007ff8e03b0000 - 0x00007ff8e04d5000 	C:\Windows\System32\RPCRT4.dll
0x00007ff8e1180000 - 0x00007ff8e1188000 	C:\Windows\System32\PSAPI.DLL
0x00007ff8c9b00000 - 0x00007ff8c9b09000 	C:\Windows\SYSTEM32\WSOCK32.dll
0x00007ff8dfca0000 - 0x00007ff8dfd0b000 	C:\Windows\System32\WS2_32.dll
0x00007ff8c8750000 - 0x00007ff8c8777000 	C:\Windows\SYSTEM32\WINMM.dll
0x00007ff8d89a0000 - 0x00007ff8d89aa000 	C:\Windows\SYSTEM32\VERSION.dll
0x00007ff8dc990000 - 0x00007ff8dc9a2000 	C:\Windows\SYSTEM32\kernel.appcore.dll
0x00007ff8d9510000 - 0x00007ff8d951a000 	c:\Users\Usuario\.vscode\extensions\redhat.java-1.8.0-win32-x64\jre\17.0.3-win32-x86_64\bin\jimage.dll
0x00007ff8c84f0000 - 0x00007ff8c86d4000 	C:\Windows\SYSTEM32\DBGHELP.DLL
0x00007ff8c7ee0000 - 0x00007ff8c7f0c000 	C:\Windows\SYSTEM32\dbgcore.DLL
0x00007ff8df1b0000 - 0x00007ff8df232000 	C:\Windows\System32\bcryptPrimitives.dll
0x00007ff8c2fa0000 - 0x00007ff8c2fc5000 	c:\Users\Usuario\.vscode\extensions\redhat.java-1.8.0-win32-x64\jre\17.0.3-win32-x86_64\bin\java.dll
0x00007ff8c2f60000 - 0x00007ff8c2f78000 	c:\Users\Usuario\.vscode\extensions\redhat.java-1.8.0-win32-x64\jre\17.0.3-win32-x86_64\bin\zip.dll
0x00007ff8df410000 - 0x00007ff8dfb54000 	C:\Windows\System32\SHELL32.dll
0x00007ff8dcb90000 - 0x00007ff8dd324000 	C:\Windows\SYSTEM32\windows.storage.dll
0x00007ff8e04e0000 - 0x00007ff8e0834000 	C:\Windows\System32\combase.dll
0x00007ff8de460000 - 0x00007ff8de48c000 	C:\Windows\SYSTEM32\Wldp.dll
0x00007ff8dfb60000 - 0x00007ff8dfc0d000 	C:\Windows\System32\SHCORE.dll
0x00007ff8dff40000 - 0x00007ff8dff95000 	C:\Windows\System32\shlwapi.dll
0x00007ff8dea10000 - 0x00007ff8dea2f000 	C:\Windows\SYSTEM32\profapi.dll
0x00007ff8be510000 - 0x00007ff8be529000 	C:\Users\Usuario\.vscode\extensions\redhat.java-1.8.0-win32-x64\jre\17.0.3-win32-x86_64\bin\net.dll
0x00007ff8d6610000 - 0x00007ff8d671a000 	C:\Windows\SYSTEM32\WINHTTP.dll
0x00007ff8de170000 - 0x00007ff8de1da000 	C:\Windows\system32\mswsock.dll
0x00007ff8bd470000 - 0x00007ff8bd485000 	C:\Users\Usuario\.vscode\extensions\redhat.java-1.8.0-win32-x64\jre\17.0.3-win32-x86_64\bin\nio.dll
0x00007ff8d7e00000 - 0x00007ff8d7e10000 	c:\Users\Usuario\.vscode\extensions\redhat.java-1.8.0-win32-x64\jre\17.0.3-win32-x86_64\bin\verify.dll
0x00007ff8d6790000 - 0x00007ff8d6799000 	C:\Users\Usuario\.vscode\extensions\redhat.java-1.8.0-win32-x64\jre\17.0.3-win32-x86_64\bin\management.dll
0x00007ff8d6010000 - 0x00007ff8d601b000 	C:\Users\Usuario\.vscode\extensions\redhat.java-1.8.0-win32-x64\jre\17.0.3-win32-x86_64\bin\management_ext.dll
0x00007ff8c1380000 - 0x00007ff8c1397000 	C:\Windows\system32\napinsp.dll
0x00007ff8c1360000 - 0x00007ff8c137b000 	C:\Windows\system32\pnrpnsp.dll
0x00007ff8d92c0000 - 0x00007ff8d92d5000 	C:\Windows\system32\wshbth.dll
0x00007ff8da4b0000 - 0x00007ff8da4cd000 	C:\Windows\system32\NLAapi.dll
0x00007ff8dde70000 - 0x00007ff8ddeab000 	C:\Windows\SYSTEM32\IPHLPAPI.DLL
0x00007ff8ddeb0000 - 0x00007ff8ddf7b000 	C:\Windows\SYSTEM32\DNSAPI.dll
0x00007ff8e0200000 - 0x00007ff8e0208000 	C:\Windows\System32\NSI.dll
0x00007ff8c1340000 - 0x00007ff8c1352000 	C:\Windows\System32\winrnr.dll
0x00007ff8cc350000 - 0x00007ff8cc35a000 	C:\Windows\System32\rasadhlp.dll
0x00007ff8d1090000 - 0x00007ff8d1110000 	C:\Windows\System32\fwpuclnt.dll
0x00007ff8debe0000 - 0x00007ff8dec07000 	C:\Windows\System32\bcrypt.dll
0x00007ff8de320000 - 0x00007ff8de338000 	C:\Windows\SYSTEM32\CRYPTSP.dll
0x00007ff8ddb00000 - 0x00007ff8ddb34000 	C:\Windows\system32\rsaenh.dll
0x00007ff8de9d0000 - 0x00007ff8de9fe000 	C:\Windows\SYSTEM32\USERENV.dll
0x00007ff8de340000 - 0x00007ff8de34c000 	C:\Windows\SYSTEM32\CRYPTBASE.dll
0x00007ff8d6d80000 - 0x00007ff8d6d97000 	C:\Windows\SYSTEM32\dhcpcsvc6.DLL
0x00007ff8d6d60000 - 0x00007ff8d6d7d000 	C:\Windows\SYSTEM32\dhcpcsvc.DLL

dbghelp: loaded successfully - version: 4.0.5 - missing functions: none
symbol engine: initialized successfully - sym options: 0x614 - pdb path: .;c:\Users\Usuario\.vscode\extensions\redhat.java-1.8.0-win32-x64\jre\17.0.3-win32-x86_64\bin;C:\Windows\SYSTEM32;C:\Windows\WinSxS\amd64_microsoft.windows.common-controls_6595b64144ccf1df_6.0.19041.1110_none_60b5254171f9507e;c:\Users\Usuario\.vscode\extensions\redhat.java-1.8.0-win32-x64\jre\17.0.3-win32-x86_64\bin\server

VM Arguments:
jvm_args: --add-modules=ALL-SYSTEM --add-exports=jdk.compiler/com.sun.tools.javac.file=ALL-UNNAMED --add-exports=jdk.compiler/com.sun.tools.javac.util=ALL-UNNAMED --add-exports=jdk.compiler/com.sun.tools.javac.comp=ALL-UNNAMED --add-exports=jdk.compiler/com.sun.tools.javac.main=ALL-UNNAMED --add-exports=jdk.compiler/com.sun.tools.javac.tree=ALL-UNNAMED --add-exports=jdk.compiler/com.sun.tools.javac.code=ALL-UNNAMED -Dsts.lsp.client=vscode -Dsts.log.file=/dev/null -XX:TieredStopAtLevel=1 -Dspring.config.location=file:c:\Users\Usuario\.vscode\extensions\pivotal.vscode-spring-boot-1.36.0\language-server\BOOT-INF\classes\application.properties 
java_command: org.springframework.ide.vscode.boot.app.BootLanguageServerBootApp
java_class_path (initial): c:\Users\Usuario\.vscode\extensions\pivotal.vscode-spring-boot-1.36.0\language-server\BOOT-INF\classes;c:\Users\Usuario\.vscode\extensions\pivotal.vscode-spring-boot-1.36.0\language-server\BOOT-INF\lib\annotations-23.0.0.jar;c:\Users\Usuario\.vscode\extensions\pivotal.vscode-spring-boot-1.36.0\language-server\BOOT-INF\lib\antlr-runtime-3.5.2.jar;c:\Users\Usuario\.vscode\extensions\pivotal.vscode-spring-boot-1.36.0\language-server\BOOT-INF\lib\antlr4-4.9.3.jar;c:\Users\Usuario\.vscode\extensions\pivotal.vscode-spring-boot-1.36.0\language-server\BOOT-INF\lib\antlr4-runtime-4.9.3.jar;c:\Users\Usuario\.vscode\extensions\pivotal.vscode-spring-boot-1.36.0\language-server\BOOT-INF\lib\asm-9.3.jar;c:\Users\Usuario\.vscode\extensions\pivotal.vscode-spring-boot-1.36.0\language-server\BOOT-INF\lib\asm-analysis-9.3.jar;c:\Users\Usuario\.vscode\extensions\pivotal.vscode-spring-boot-1.36.0\language-server\BOOT-INF\lib\asm-tree-9.3.jar;c:\Users\Usuario\.vscode\extensions\pivotal.vscode-spring-boot-1.36.0\language-server\BOOT-INF\lib\asm-util-9.3.jar;c:\Users\Usuario\.vscode\extensions\pivotal.vscode-spring-boot-1.36.0\language-server\BOOT-INF\lib\byte-buddy-1.10.18.jar;c:\Users\Usuario\.vscode\extensions\pivotal.vscode-spring-boot-1.36.0\language-server\BOOT-INF\lib\caffeine-2.8.6.jar;c:\Users\Usuario\.vscode\extensions\pivotal.vscode-spring-boot-1.36.0\language-server\BOOT-INF\lib\checker-qual-3.12.0.jar;c:\Users\Usuario\.vscode\extensions\pivotal.vscode-spring-boot-1.36.0\language-server\BOOT-INF\lib\classgraph-4.8.146.jar;c:\Users\Usuario\.vscode\extensions\pivotal.vscode-spring-boot-1.36.0\language-server\BOOT-INF\lib\commons-codec-1.14.jar;c:\Users\Usuario\.vscode\extensions\pivotal.vscode-spring-boot-1.36.0\language-server\BOOT-INF\lib\commons-compress-1.21.jar;c:\Users\Usuario\.vscode\extensions\pivotal.vscode-spring-boot-1.36.0\language-server\BOOT-INF\lib\commons-exec-1.3.jar;c:\Users\Usuario\.vscode\extensions\pivotal.vscode-spring-boot-1.36.
Launcher Type: SUN_STANDARD

[Global flags]
     intx CICompilerCount                          = 3                                         {product} {ergonomic}
     uint ConcGCThreads                            = 1                                         {product} {ergonomic}
     uint G1ConcRefinementThreads                  = 4                                         {product} {ergonomic}
   size_t G1HeapRegionSize                         = 1048576                                   {product} {ergonomic}
    uintx GCDrainStackTargetSize                   = 64                                        {product} {ergonomic}
   size_t InitialHeapSize                          = 134217728                                 {product} {ergonomic}
   size_t MarkStackSize                            = 4194304                                   {product} {ergonomic}
   size_t MaxHeapSize                              = 2118123520                                {product} {ergonomic}
   size_t MaxNewSize                               = 1270874112                                {product} {ergonomic}
   size_t MinHeapDeltaBytes                        = 1048576                                   {product} {ergonomic}
   size_t MinHeapSize                              = 8388608                                   {product} {ergonomic}
    uintx NonProfiledCodeHeapSize                  = 0                                      {pd product} {ergonomic}
     bool ProfileInterpreter                       = false                                  {pd product} {command line}
    uintx ProfiledCodeHeapSize                     = 0                                      {pd product} {ergonomic}
   size_t SoftMaxHeapSize                          = 2118123520                             {manageable} {ergonomic}
     intx TieredStopAtLevel                        = 1                                         {product} {command line}
     bool UseCompressedClassPointers               = true                           {product lp64_product} {ergonomic}
     bool UseCompressedOops                        = true                           {product lp64_product} {ergonomic}
     bool UseG1GC                                  = true                                      {product} {ergonomic}
     bool UseLargePagesIndividualAllocation        = false                                  {pd product} {ergonomic}

Logging:
Log output configuration:
 #0: stdout all=warning uptime,level,tags
 #1: stderr all=off uptime,level,tags

Environment Variables:
JAVA_HOME=C:\Program Files\Java\jdk-11.0.14
PATH=C:\Program Files\Java\jdk-11.0.14\bin;C:\Program Files\Common Files\Oracle\Java\javapath;C:\Program Files (x86)\Common Files\Oracle\Java\javapath;C:\Windows\system32;C:\Windows;C:\Windows\System32\Wbem;C:\Windows\System32\WindowsPowerShell\v1.0\;C:\Windows\System32\OpenSSH\;C:\Program Files\Git\cmd;C:\Program Files\MATLAB\R2021a\runtime\win64;C:\Program Files\MATLAB\R2021a\bin;C:\Program Files (x86)\dotnet\;C:\Program Files\Microsoft SQL Server\150\Tools\Binn\;C:\Program Files\Microsoft SQL Server\120\Tools\Binn\;C:\Program Files\apache-maven-3.8.5;C:\Program Files\nodejs\;C:\Users\Usuario\AppData\Local\Microsoft\WindowsApps;C:\Program Files\heroku\bin;C:\Users\Usuario\AppData\Roaming\npm;C:\Users\Usuario\AppData\Local\Programs\Microsoft VS Code\bin
USERNAME=Usuario
OS=Windows_NT
PROCESSOR_IDENTIFIER=Intel64 Family 6 Model 78 Stepping 3, GenuineIntel



---------------  S Y S T E M  ---------------

OS:
 Windows 10 , 64 bit Build 19041 (10.0.19041.1741)
OS uptime: 5 days 1:19 hours
Hyper-V role detected

CPU: total 4 (initial active 4) (2 cores per cpu, 2 threads per core) family 6 model 78 stepping 3 microcode 0xcc, cx8, cmov, fxsr, ht, mmx, 3dnowpref, sse, sse2, sse3, ssse3, sse4.1, sse4.2, popcnt, lzcnt, tsc, tscinvbit, avx, avx2, aes, erms, clmul, bmi1, bmi2, rtm, adx, fma, vzeroupper, clflush, clflushopt, hv

Memory: 4k page, system-wide physical 8072M (547M free)
TotalPageFile size 11912M (AvailPageFile size 3M)
current process WorkingSet (physical memory assigned to process): 95M, peak: 470M
current process commit charge ("private bytes"): 183M, peak: 510M

vm_info: OpenJDK 64-Bit Server VM (17.0.3+7) for windows-amd64 JRE (17.0.3+7), built on Apr 19 2022 16:55:35 by "" with MS VC++ 16.7 (VS2019)

END.
